2025-02-06 12:50:12 [background-preinit] INFO  : HV000001: Hibernate Validator 8.0.1.Final
2025-02-06 12:50:12 [main] INFO  : Starting ProductServiceTests using Java 17.0.10 with PID 1252 (started by pavan in C:\D_Drive\Learning\SpringBoot\VLMS_Stock_API)
2025-02-06 12:50:12 [main] DEBUG : Running with Spring Boot v3.2.3, Spring v6.1.4
2025-02-06 12:50:12 [main] INFO  : No active profile set, falling back to 1 default profile: "default"
2025-02-06 12:50:13 [main] INFO  : Bootstrapping Spring Data JPA repositories in DEFAULT mode.
2025-02-06 12:50:13 [main] INFO  : Finished Spring Data repository scanning in 61 ms. Found 1 JPA repository interface.
2025-02-06 12:50:14 [main] INFO  : HHH000204: Processing PersistenceUnitInfo [name: default]
2025-02-06 12:50:14 [main] INFO  : HHH000412: Hibernate ORM core version 6.4.4.Final
2025-02-06 12:50:14 [main] INFO  : HHH000026: Second-level cache disabled
2025-02-06 12:50:15 [main] INFO  : No LoadTimeWeaver setup: ignoring JPA class transformer
2025-02-06 12:50:15 [main] INFO  : HikariPool-1 - Starting...
2025-02-06 12:50:15 [main] INFO  : HikariPool-1 - Added connection com.mysql.cj.jdbc.ConnectionImpl@67ecf7ed
2025-02-06 12:50:15 [main] INFO  : HikariPool-1 - Start completed.
2025-02-06 12:50:16 [main] INFO  : HHH000489: No JTA platform available (set 'hibernate.transaction.jta.platform' to enable JTA platform integration)
2025-02-06 12:50:16 [main] INFO  : Initialized JPA EntityManagerFactory for persistence unit 'default'
2025-02-06 12:50:17 [main] WARN  : spring.jpa.open-in-view is enabled by default. Therefore, database queries may be performed during view rendering. Explicitly configure spring.jpa.open-in-view to disable this warning
2025-02-06 12:50:18 [main] INFO  : Exposing 14 endpoint(s) beneath base path '/actuator'
2025-02-06 12:50:18 [main] INFO  : Started ProductServiceTests in 6.528 seconds (process running for 7.53)
2025-02-06 12:50:19 [main] WARN  : Caught exception while allowing TestExecutionListener [org.springframework.boot.test.mock.mockito.MockitoTestExecutionListener] to prepare test instance [com.vlms.tests.ProductServiceTests@6757ed9e]
org.mockito.exceptions.base.MockitoException: 
Cannot instantiate @InjectMocks field named 'productService'! Cause: the type 'ProductService' is an interface.
You haven't provided the instance at field declaration so I tried to construct the instance.
Examples of correct usage of @InjectMocks:
   @InjectMocks Service service = new Service();
   @InjectMocks Service service;
   //and... don't forget about some @Mocks for injection :)

	at org.springframework.boot.test.mock.mockito.MockitoTestExecutionListener.initMocks(MockitoTestExecutionListener.java:88)
	at org.springframework.boot.test.mock.mockito.MockitoTestExecutionListener.prepareTestInstance(MockitoTestExecutionListener.java:62)
	at org.springframework.test.context.TestContextManager.prepareTestInstance(TestContextManager.java:260)
	at org.springframework.test.context.junit.jupiter.SpringExtension.postProcessTestInstance(SpringExtension.java:163)
	at org.junit.jupiter.engine.descriptor.ClassBasedTestDescriptor.lambda$invokeTestInstancePostProcessors$10(ClassBasedTestDescriptor.java:378)
	at org.junit.jupiter.engine.descriptor.ClassBasedTestDescriptor.executeAndMaskThrowable(ClassBasedTestDescriptor.java:383)
	at org.junit.jupiter.engine.descriptor.ClassBasedTestDescriptor.lambda$invokeTestInstancePostProcessors$11(ClassBasedTestDescriptor.java:378)
	at java.base/java.util.stream.ReferencePipeline$3$1.accept(ReferencePipeline.java:197)
	at java.base/java.util.stream.ReferencePipeline$2$1.accept(ReferencePipeline.java:179)
	at java.base/java.util.ArrayList$ArrayListSpliterator.forEachRemaining(ArrayList.java:1625)
	at java.base/java.util.stream.AbstractPipeline.copyInto(AbstractPipeline.java:509)
	at java.base/java.util.stream.AbstractPipeline.wrapAndCopyInto(AbstractPipeline.java:499)
	at java.base/java.util.stream.StreamSpliterators$WrappingSpliterator.forEachRemaining(StreamSpliterators.java:310)
	at java.base/java.util.stream.Streams$ConcatSpliterator.forEachRemaining(Streams.java:735)
	at java.base/java.util.stream.Streams$ConcatSpliterator.forEachRemaining(Streams.java:734)
	at java.base/java.util.stream.ReferencePipeline$Head.forEach(ReferencePipeline.java:762)
	at org.junit.jupiter.engine.descriptor.ClassBasedTestDescriptor.invokeTestInstancePostProcessors(ClassBasedTestDescriptor.java:377)
	at org.junit.jupiter.engine.descriptor.ClassBasedTestDescriptor.lambda$instantiateAndPostProcessTestInstance$6(ClassBasedTestDescriptor.java:290)
	at org.junit.platform.engine.support.hierarchical.ThrowableCollector.execute(ThrowableCollector.java:73)
	at org.junit.jupiter.engine.descriptor.ClassBasedTestDescriptor.instantiateAndPostProcessTestInstance(ClassBasedTestDescriptor.java:289)
	at org.junit.jupiter.engine.descriptor.ClassBasedTestDescriptor.lambda$testInstancesProvider$4(ClassBasedTestDescriptor.java:279)
	at java.base/java.util.Optional.orElseGet(Optional.java:364)
	at org.junit.jupiter.engine.descriptor.ClassBasedTestDescriptor.lambda$testInstancesProvider$5(ClassBasedTestDescriptor.java:278)
	at org.junit.jupiter.engine.execution.TestInstancesProvider.getTestInstances(TestInstancesProvider.java:31)
	at org.junit.jupiter.engine.descriptor.TestMethodTestDescriptor.lambda$prepare$0(TestMethodTestDescriptor.java:106)
	at org.junit.platform.engine.support.hierarchical.ThrowableCollector.execute(ThrowableCollector.java:73)
	at org.junit.jupiter.engine.descriptor.TestMethodTestDescriptor.prepare(TestMethodTestDescriptor.java:105)
	at org.junit.jupiter.engine.descriptor.TestMethodTestDescriptor.prepare(TestMethodTestDescriptor.java:69)
	at org.junit.platform.engine.support.hierarchical.NodeTestTask.lambda$prepare$2(NodeTestTask.java:123)
	at org.junit.platform.engine.support.hierarchical.ThrowableCollector.execute(ThrowableCollector.java:73)
	at org.junit.platform.engine.support.hierarchical.NodeTestTask.prepare(NodeTestTask.java:123)
	at org.junit.platform.engine.support.hierarchical.NodeTestTask.execute(NodeTestTask.java:90)
	at java.base/java.util.ArrayList.forEach(ArrayList.java:1511)
	at org.junit.platform.engine.support.hierarchical.SameThreadHierarchicalTestExecutorService.invokeAll(SameThreadHierarchicalTestExecutorService.java:41)
	at org.junit.platform.engine.support.hierarchical.NodeTestTask.lambda$executeRecursively$6(NodeTestTask.java:155)
	at org.junit.platform.engine.support.hierarchical.ThrowableCollector.execute(ThrowableCollector.java:73)
	at org.junit.platform.engine.support.hierarchical.NodeTestTask.lambda$executeRecursively$8(NodeTestTask.java:141)
	at org.junit.platform.engine.support.hierarchical.Node.around(Node.java:137)
	at org.junit.platform.engine.support.hierarchical.NodeTestTask.lambda$executeRecursively$9(NodeTestTask.java:139)
	at org.junit.platform.engine.support.hierarchical.ThrowableCollector.execute(ThrowableCollector.java:73)
	at org.junit.platform.engine.support.hierarchical.NodeTestTask.executeRecursively(NodeTestTask.java:138)
	at org.junit.platform.engine.support.hierarchical.NodeTestTask.execute(NodeTestTask.java:95)
	at java.base/java.util.ArrayList.forEach(ArrayList.java:1511)
	at org.junit.platform.engine.support.hierarchical.SameThreadHierarchicalTestExecutorService.invokeAll(SameThreadHierarchicalTestExecutorService.java:41)
	at org.junit.platform.engine.support.hierarchical.NodeTestTask.lambda$executeRecursively$6(NodeTestTask.java:155)
	at org.junit.platform.engine.support.hierarchical.ThrowableCollector.execute(ThrowableCollector.java:73)
	at org.junit.platform.engine.support.hierarchical.NodeTestTask.lambda$executeRecursively$8(NodeTestTask.java:141)
	at org.junit.platform.engine.support.hierarchical.Node.around(Node.java:137)
	at org.junit.platform.engine.support.hierarchical.NodeTestTask.lambda$executeRecursively$9(NodeTestTask.java:139)
	at org.junit.platform.engine.support.hierarchical.ThrowableCollector.execute(ThrowableCollector.java:73)
	at org.junit.platform.engine.support.hierarchical.NodeTestTask.executeRecursively(NodeTestTask.java:138)
	at org.junit.platform.engine.support.hierarchical.NodeTestTask.execute(NodeTestTask.java:95)
	at org.junit.platform.engine.support.hierarchical.SameThreadHierarchicalTestExecutorService.submit(SameThreadHierarchicalTestExecutorService.java:35)
	at org.junit.platform.engine.support.hierarchical.HierarchicalTestExecutor.execute(HierarchicalTestExecutor.java:57)
	at org.junit.platform.engine.support.hierarchical.HierarchicalTestEngine.execute(HierarchicalTestEngine.java:54)
	at org.junit.platform.launcher.core.EngineExecutionOrchestrator.execute(EngineExecutionOrchestrator.java:198)
	at org.junit.platform.launcher.core.EngineExecutionOrchestrator.execute(EngineExecutionOrchestrator.java:169)
	at org.junit.platform.launcher.core.EngineExecutionOrchestrator.execute(EngineExecutionOrchestrator.java:93)
	at org.junit.platform.launcher.core.EngineExecutionOrchestrator.lambda$execute$0(EngineExecutionOrchestrator.java:58)
	at org.junit.platform.launcher.core.EngineExecutionOrchestrator.withInterceptedStreams(EngineExecutionOrchestrator.java:141)
	at org.junit.platform.launcher.core.EngineExecutionOrchestrator.execute(EngineExecutionOrchestrator.java:57)
	at org.junit.platform.launcher.core.DefaultLauncher.execute(DefaultLauncher.java:103)
	at org.junit.platform.launcher.core.DefaultLauncher.execute(DefaultLauncher.java:85)
	at org.junit.platform.launcher.core.DelegatingLauncher.execute(DelegatingLauncher.java:47)
	at org.junit.platform.launcher.core.SessionPerRequestLauncher.execute(SessionPerRequestLauncher.java:63)
	at com.intellij.junit5.JUnit5IdeaTestRunner.startRunnerWithArgs(JUnit5IdeaTestRunner.java:57)
	at com.intellij.rt.junit.IdeaTestRunner$Repeater$1.execute(IdeaTestRunner.java:38)
	at com.intellij.rt.execution.junit.TestsRepeater.repeat(TestsRepeater.java:11)
	at com.intellij.rt.junit.IdeaTestRunner$Repeater.startRunnerWithArgs(IdeaTestRunner.java:35)
	at com.intellij.rt.junit.JUnitStarter.prepareStreamsAndStart(JUnitStarter.java:232)
	at com.intellij.rt.junit.JUnitStarter.main(JUnitStarter.java:55)
2025-02-06 12:50:19 [SpringApplicationShutdownHook] INFO  : Closing JPA EntityManagerFactory for persistence unit 'default'
2025-02-06 12:50:19 [SpringApplicationShutdownHook] INFO  : HikariPool-1 - Shutdown initiated...
2025-02-06 12:50:19 [SpringApplicationShutdownHook] INFO  : HikariPool-1 - Shutdown completed.
2025-02-06 15:01:02 [background-preinit] INFO  : HV000001: Hibernate Validator 8.0.1.Final
2025-02-06 15:01:02 [main] INFO  : Starting ProductServiceTests using Java 17.0.10 with PID 9496 (started by pavan in C:\D_Drive\Learning\SpringBoot\VLMS_Stock_API)
2025-02-06 15:01:02 [main] DEBUG : Running with Spring Boot v3.2.3, Spring v6.1.4
2025-02-06 15:01:02 [main] INFO  : No active profile set, falling back to 1 default profile: "default"
2025-02-06 15:01:03 [main] INFO  : Bootstrapping Spring Data JPA repositories in DEFAULT mode.
2025-02-06 15:01:03 [main] INFO  : Finished Spring Data repository scanning in 47 ms. Found 1 JPA repository interface.
2025-02-06 15:01:04 [main] INFO  : HHH000204: Processing PersistenceUnitInfo [name: default]
2025-02-06 15:01:04 [main] INFO  : HHH000412: Hibernate ORM core version 6.4.4.Final
2025-02-06 15:01:04 [main] INFO  : HHH000026: Second-level cache disabled
2025-02-06 15:01:05 [main] INFO  : No LoadTimeWeaver setup: ignoring JPA class transformer
2025-02-06 15:01:05 [main] INFO  : HikariPool-1 - Starting...
2025-02-06 15:01:05 [main] INFO  : HikariPool-1 - Added connection com.mysql.cj.jdbc.ConnectionImpl@776e7dfb
2025-02-06 15:01:05 [main] INFO  : HikariPool-1 - Start completed.
2025-02-06 15:01:06 [main] INFO  : HHH000489: No JTA platform available (set 'hibernate.transaction.jta.platform' to enable JTA platform integration)
2025-02-06 15:01:06 [main] INFO  : Initialized JPA EntityManagerFactory for persistence unit 'default'
2025-02-06 15:01:07 [main] WARN  : spring.jpa.open-in-view is enabled by default. Therefore, database queries may be performed during view rendering. Explicitly configure spring.jpa.open-in-view to disable this warning
2025-02-06 15:01:08 [main] INFO  : Exposing 14 endpoint(s) beneath base path '/actuator'
2025-02-06 15:01:08 [main] INFO  : Started ProductServiceTests in 6.279 seconds (process running for 7.292)
2025-02-06 15:01:09 [main] WARN  : Caught exception while allowing TestExecutionListener [org.springframework.boot.test.mock.mockito.MockitoTestExecutionListener] to prepare test instance [com.vlms.tests.ProductServiceTests@f500481]
org.mockito.exceptions.base.MockitoException: 
Cannot instantiate @InjectMocks field named 'productService'! Cause: the type 'ProductService' is an interface.
You haven't provided the instance at field declaration so I tried to construct the instance.
Examples of correct usage of @InjectMocks:
   @InjectMocks Service service = new Service();
   @InjectMocks Service service;
   //and... don't forget about some @Mocks for injection :)

	at org.springframework.boot.test.mock.mockito.MockitoTestExecutionListener.initMocks(MockitoTestExecutionListener.java:88)
	at org.springframework.boot.test.mock.mockito.MockitoTestExecutionListener.prepareTestInstance(MockitoTestExecutionListener.java:62)
	at org.springframework.test.context.TestContextManager.prepareTestInstance(TestContextManager.java:260)
	at org.springframework.test.context.junit.jupiter.SpringExtension.postProcessTestInstance(SpringExtension.java:163)
	at org.junit.jupiter.engine.descriptor.ClassBasedTestDescriptor.lambda$invokeTestInstancePostProcessors$10(ClassBasedTestDescriptor.java:378)
	at org.junit.jupiter.engine.descriptor.ClassBasedTestDescriptor.executeAndMaskThrowable(ClassBasedTestDescriptor.java:383)
	at org.junit.jupiter.engine.descriptor.ClassBasedTestDescriptor.lambda$invokeTestInstancePostProcessors$11(ClassBasedTestDescriptor.java:378)
	at java.base/java.util.stream.ReferencePipeline$3$1.accept(ReferencePipeline.java:197)
	at java.base/java.util.stream.ReferencePipeline$2$1.accept(ReferencePipeline.java:179)
	at java.base/java.util.ArrayList$ArrayListSpliterator.forEachRemaining(ArrayList.java:1625)
	at java.base/java.util.stream.AbstractPipeline.copyInto(AbstractPipeline.java:509)
	at java.base/java.util.stream.AbstractPipeline.wrapAndCopyInto(AbstractPipeline.java:499)
	at java.base/java.util.stream.StreamSpliterators$WrappingSpliterator.forEachRemaining(StreamSpliterators.java:310)
	at java.base/java.util.stream.Streams$ConcatSpliterator.forEachRemaining(Streams.java:735)
	at java.base/java.util.stream.Streams$ConcatSpliterator.forEachRemaining(Streams.java:734)
	at java.base/java.util.stream.ReferencePipeline$Head.forEach(ReferencePipeline.java:762)
	at org.junit.jupiter.engine.descriptor.ClassBasedTestDescriptor.invokeTestInstancePostProcessors(ClassBasedTestDescriptor.java:377)
	at org.junit.jupiter.engine.descriptor.ClassBasedTestDescriptor.lambda$instantiateAndPostProcessTestInstance$6(ClassBasedTestDescriptor.java:290)
	at org.junit.platform.engine.support.hierarchical.ThrowableCollector.execute(ThrowableCollector.java:73)
	at org.junit.jupiter.engine.descriptor.ClassBasedTestDescriptor.instantiateAndPostProcessTestInstance(ClassBasedTestDescriptor.java:289)
	at org.junit.jupiter.engine.descriptor.ClassBasedTestDescriptor.lambda$testInstancesProvider$4(ClassBasedTestDescriptor.java:279)
	at java.base/java.util.Optional.orElseGet(Optional.java:364)
	at org.junit.jupiter.engine.descriptor.ClassBasedTestDescriptor.lambda$testInstancesProvider$5(ClassBasedTestDescriptor.java:278)
	at org.junit.jupiter.engine.execution.TestInstancesProvider.getTestInstances(TestInstancesProvider.java:31)
	at org.junit.jupiter.engine.descriptor.TestMethodTestDescriptor.lambda$prepare$0(TestMethodTestDescriptor.java:106)
	at org.junit.platform.engine.support.hierarchical.ThrowableCollector.execute(ThrowableCollector.java:73)
	at org.junit.jupiter.engine.descriptor.TestMethodTestDescriptor.prepare(TestMethodTestDescriptor.java:105)
	at org.junit.jupiter.engine.descriptor.TestMethodTestDescriptor.prepare(TestMethodTestDescriptor.java:69)
	at org.junit.platform.engine.support.hierarchical.NodeTestTask.lambda$prepare$2(NodeTestTask.java:123)
	at org.junit.platform.engine.support.hierarchical.ThrowableCollector.execute(ThrowableCollector.java:73)
	at org.junit.platform.engine.support.hierarchical.NodeTestTask.prepare(NodeTestTask.java:123)
	at org.junit.platform.engine.support.hierarchical.NodeTestTask.execute(NodeTestTask.java:90)
	at java.base/java.util.ArrayList.forEach(ArrayList.java:1511)
	at org.junit.platform.engine.support.hierarchical.SameThreadHierarchicalTestExecutorService.invokeAll(SameThreadHierarchicalTestExecutorService.java:41)
	at org.junit.platform.engine.support.hierarchical.NodeTestTask.lambda$executeRecursively$6(NodeTestTask.java:155)
	at org.junit.platform.engine.support.hierarchical.ThrowableCollector.execute(ThrowableCollector.java:73)
	at org.junit.platform.engine.support.hierarchical.NodeTestTask.lambda$executeRecursively$8(NodeTestTask.java:141)
	at org.junit.platform.engine.support.hierarchical.Node.around(Node.java:137)
	at org.junit.platform.engine.support.hierarchical.NodeTestTask.lambda$executeRecursively$9(NodeTestTask.java:139)
	at org.junit.platform.engine.support.hierarchical.ThrowableCollector.execute(ThrowableCollector.java:73)
	at org.junit.platform.engine.support.hierarchical.NodeTestTask.executeRecursively(NodeTestTask.java:138)
	at org.junit.platform.engine.support.hierarchical.NodeTestTask.execute(NodeTestTask.java:95)
	at java.base/java.util.ArrayList.forEach(ArrayList.java:1511)
	at org.junit.platform.engine.support.hierarchical.SameThreadHierarchicalTestExecutorService.invokeAll(SameThreadHierarchicalTestExecutorService.java:41)
	at org.junit.platform.engine.support.hierarchical.NodeTestTask.lambda$executeRecursively$6(NodeTestTask.java:155)
	at org.junit.platform.engine.support.hierarchical.ThrowableCollector.execute(ThrowableCollector.java:73)
	at org.junit.platform.engine.support.hierarchical.NodeTestTask.lambda$executeRecursively$8(NodeTestTask.java:141)
	at org.junit.platform.engine.support.hierarchical.Node.around(Node.java:137)
	at org.junit.platform.engine.support.hierarchical.NodeTestTask.lambda$executeRecursively$9(NodeTestTask.java:139)
	at org.junit.platform.engine.support.hierarchical.ThrowableCollector.execute(ThrowableCollector.java:73)
	at org.junit.platform.engine.support.hierarchical.NodeTestTask.executeRecursively(NodeTestTask.java:138)
	at org.junit.platform.engine.support.hierarchical.NodeTestTask.execute(NodeTestTask.java:95)
	at org.junit.platform.engine.support.hierarchical.SameThreadHierarchicalTestExecutorService.submit(SameThreadHierarchicalTestExecutorService.java:35)
	at org.junit.platform.engine.support.hierarchical.HierarchicalTestExecutor.execute(HierarchicalTestExecutor.java:57)
	at org.junit.platform.engine.support.hierarchical.HierarchicalTestEngine.execute(HierarchicalTestEngine.java:54)
	at org.junit.platform.launcher.core.EngineExecutionOrchestrator.execute(EngineExecutionOrchestrator.java:198)
	at org.junit.platform.launcher.core.EngineExecutionOrchestrator.execute(EngineExecutionOrchestrator.java:169)
	at org.junit.platform.launcher.core.EngineExecutionOrchestrator.execute(EngineExecutionOrchestrator.java:93)
	at org.junit.platform.launcher.core.EngineExecutionOrchestrator.lambda$execute$0(EngineExecutionOrchestrator.java:58)
	at org.junit.platform.launcher.core.EngineExecutionOrchestrator.withInterceptedStreams(EngineExecutionOrchestrator.java:141)
	at org.junit.platform.launcher.core.EngineExecutionOrchestrator.execute(EngineExecutionOrchestrator.java:57)
	at org.junit.platform.launcher.core.DefaultLauncher.execute(DefaultLauncher.java:103)
	at org.junit.platform.launcher.core.DefaultLauncher.execute(DefaultLauncher.java:85)
	at org.junit.platform.launcher.core.DelegatingLauncher.execute(DelegatingLauncher.java:47)
	at org.junit.platform.launcher.core.SessionPerRequestLauncher.execute(SessionPerRequestLauncher.java:63)
	at com.intellij.junit5.JUnit5IdeaTestRunner.startRunnerWithArgs(JUnit5IdeaTestRunner.java:57)
	at com.intellij.rt.junit.IdeaTestRunner$Repeater$1.execute(IdeaTestRunner.java:38)
	at com.intellij.rt.execution.junit.TestsRepeater.repeat(TestsRepeater.java:11)
	at com.intellij.rt.junit.IdeaTestRunner$Repeater.startRunnerWithArgs(IdeaTestRunner.java:35)
	at com.intellij.rt.junit.JUnitStarter.prepareStreamsAndStart(JUnitStarter.java:232)
	at com.intellij.rt.junit.JUnitStarter.main(JUnitStarter.java:55)
2025-02-06 15:01:09 [SpringApplicationShutdownHook] INFO  : Closing JPA EntityManagerFactory for persistence unit 'default'
2025-02-06 15:01:09 [SpringApplicationShutdownHook] INFO  : HikariPool-1 - Shutdown initiated...
2025-02-06 15:01:09 [SpringApplicationShutdownHook] INFO  : HikariPool-1 - Shutdown completed.
2025-02-06 15:05:13 [background-preinit] INFO  : HV000001: Hibernate Validator 8.0.1.Final
2025-02-06 15:05:13 [main] INFO  : Starting ProductServiceTests using Java 17.0.10 with PID 5044 (started by pavan in C:\D_Drive\Learning\SpringBoot\VLMS_Stock_API)
2025-02-06 15:05:13 [main] DEBUG : Running with Spring Boot v3.2.3, Spring v6.1.4
2025-02-06 15:05:13 [main] INFO  : No active profile set, falling back to 1 default profile: "default"
2025-02-06 15:05:14 [main] INFO  : Bootstrapping Spring Data JPA repositories in DEFAULT mode.
2025-02-06 15:05:14 [main] INFO  : Finished Spring Data repository scanning in 37 ms. Found 1 JPA repository interface.
2025-02-06 15:05:15 [main] INFO  : HHH000204: Processing PersistenceUnitInfo [name: default]
2025-02-06 15:05:15 [main] INFO  : HHH000412: Hibernate ORM core version 6.4.4.Final
2025-02-06 15:05:15 [main] INFO  : HHH000026: Second-level cache disabled
2025-02-06 15:05:16 [main] INFO  : No LoadTimeWeaver setup: ignoring JPA class transformer
2025-02-06 15:05:16 [main] INFO  : HikariPool-1 - Starting...
2025-02-06 15:05:16 [main] INFO  : HikariPool-1 - Added connection com.mysql.cj.jdbc.ConnectionImpl@74eab077
2025-02-06 15:05:16 [main] INFO  : HikariPool-1 - Start completed.
2025-02-06 15:05:17 [main] INFO  : HHH000489: No JTA platform available (set 'hibernate.transaction.jta.platform' to enable JTA platform integration)
2025-02-06 15:05:17 [main] INFO  : Initialized JPA EntityManagerFactory for persistence unit 'default'
2025-02-06 15:05:18 [main] WARN  : spring.jpa.open-in-view is enabled by default. Therefore, database queries may be performed during view rendering. Explicitly configure spring.jpa.open-in-view to disable this warning
2025-02-06 15:05:19 [main] INFO  : Exposing 14 endpoint(s) beneath base path '/actuator'
2025-02-06 15:05:19 [main] INFO  : Started ProductServiceTests in 6.17 seconds (process running for 7.068)
2025-02-06 15:05:20 [SpringApplicationShutdownHook] INFO  : Closing JPA EntityManagerFactory for persistence unit 'default'
2025-02-06 15:05:20 [SpringApplicationShutdownHook] INFO  : HikariPool-1 - Shutdown initiated...
2025-02-06 15:05:20 [SpringApplicationShutdownHook] INFO  : HikariPool-1 - Shutdown completed.
2025-02-06 15:06:43 [background-preinit] INFO  : HV000001: Hibernate Validator 8.0.1.Final
2025-02-06 15:06:43 [main] INFO  : Starting ProductServiceTests using Java 17.0.10 with PID 17136 (started by pavan in C:\D_Drive\Learning\SpringBoot\VLMS_Stock_API)
2025-02-06 15:06:43 [main] DEBUG : Running with Spring Boot v3.2.3, Spring v6.1.4
2025-02-06 15:06:43 [main] INFO  : No active profile set, falling back to 1 default profile: "default"
2025-02-06 15:06:44 [main] INFO  : Bootstrapping Spring Data JPA repositories in DEFAULT mode.
2025-02-06 15:06:44 [main] INFO  : Finished Spring Data repository scanning in 44 ms. Found 1 JPA repository interface.
2025-02-06 15:06:45 [main] INFO  : HHH000204: Processing PersistenceUnitInfo [name: default]
2025-02-06 15:06:45 [main] INFO  : HHH000412: Hibernate ORM core version 6.4.4.Final
2025-02-06 15:06:45 [main] INFO  : HHH000026: Second-level cache disabled
2025-02-06 15:06:45 [main] INFO  : No LoadTimeWeaver setup: ignoring JPA class transformer
2025-02-06 15:06:45 [main] INFO  : HikariPool-1 - Starting...
2025-02-06 15:06:46 [main] INFO  : HikariPool-1 - Added connection com.mysql.cj.jdbc.ConnectionImpl@776e7dfb
2025-02-06 15:06:46 [main] INFO  : HikariPool-1 - Start completed.
2025-02-06 15:06:47 [main] INFO  : HHH000489: No JTA platform available (set 'hibernate.transaction.jta.platform' to enable JTA platform integration)
2025-02-06 15:06:47 [main] INFO  : Initialized JPA EntityManagerFactory for persistence unit 'default'
2025-02-06 15:06:47 [main] WARN  : spring.jpa.open-in-view is enabled by default. Therefore, database queries may be performed during view rendering. Explicitly configure spring.jpa.open-in-view to disable this warning
2025-02-06 15:06:49 [main] INFO  : Exposing 14 endpoint(s) beneath base path '/actuator'
2025-02-06 15:06:49 [main] INFO  : Started ProductServiceTests in 6.222 seconds (process running for 7.144)
2025-02-06 15:06:50 [main] WARN  : Caught exception while allowing TestExecutionListener [org.springframework.boot.test.mock.mockito.MockitoTestExecutionListener] to prepare test instance [com.vlms.tests.ProductServiceTests@f500481]
org.mockito.exceptions.base.MockitoException: 
Cannot instantiate @InjectMocks field named 'productService'! Cause: the type 'ProductService' is an interface.
You haven't provided the instance at field declaration so I tried to construct the instance.
Examples of correct usage of @InjectMocks:
   @InjectMocks Service service = new Service();
   @InjectMocks Service service;
   //and... don't forget about some @Mocks for injection :)

	at org.springframework.boot.test.mock.mockito.MockitoTestExecutionListener.initMocks(MockitoTestExecutionListener.java:88)
	at org.springframework.boot.test.mock.mockito.MockitoTestExecutionListener.prepareTestInstance(MockitoTestExecutionListener.java:62)
	at org.springframework.test.context.TestContextManager.prepareTestInstance(TestContextManager.java:260)
	at org.springframework.test.context.junit.jupiter.SpringExtension.postProcessTestInstance(SpringExtension.java:163)
	at org.junit.jupiter.engine.descriptor.ClassBasedTestDescriptor.lambda$invokeTestInstancePostProcessors$10(ClassBasedTestDescriptor.java:378)
	at org.junit.jupiter.engine.descriptor.ClassBasedTestDescriptor.executeAndMaskThrowable(ClassBasedTestDescriptor.java:383)
	at org.junit.jupiter.engine.descriptor.ClassBasedTestDescriptor.lambda$invokeTestInstancePostProcessors$11(ClassBasedTestDescriptor.java:378)
	at java.base/java.util.stream.ReferencePipeline$3$1.accept(ReferencePipeline.java:197)
	at java.base/java.util.stream.ReferencePipeline$2$1.accept(ReferencePipeline.java:179)
	at java.base/java.util.ArrayList$ArrayListSpliterator.forEachRemaining(ArrayList.java:1625)
	at java.base/java.util.stream.AbstractPipeline.copyInto(AbstractPipeline.java:509)
	at java.base/java.util.stream.AbstractPipeline.wrapAndCopyInto(AbstractPipeline.java:499)
	at java.base/java.util.stream.StreamSpliterators$WrappingSpliterator.forEachRemaining(StreamSpliterators.java:310)
	at java.base/java.util.stream.Streams$ConcatSpliterator.forEachRemaining(Streams.java:735)
	at java.base/java.util.stream.Streams$ConcatSpliterator.forEachRemaining(Streams.java:734)
	at java.base/java.util.stream.ReferencePipeline$Head.forEach(ReferencePipeline.java:762)
	at org.junit.jupiter.engine.descriptor.ClassBasedTestDescriptor.invokeTestInstancePostProcessors(ClassBasedTestDescriptor.java:377)
	at org.junit.jupiter.engine.descriptor.ClassBasedTestDescriptor.lambda$instantiateAndPostProcessTestInstance$6(ClassBasedTestDescriptor.java:290)
	at org.junit.platform.engine.support.hierarchical.ThrowableCollector.execute(ThrowableCollector.java:73)
	at org.junit.jupiter.engine.descriptor.ClassBasedTestDescriptor.instantiateAndPostProcessTestInstance(ClassBasedTestDescriptor.java:289)
	at org.junit.jupiter.engine.descriptor.ClassBasedTestDescriptor.lambda$testInstancesProvider$4(ClassBasedTestDescriptor.java:279)
	at java.base/java.util.Optional.orElseGet(Optional.java:364)
	at org.junit.jupiter.engine.descriptor.ClassBasedTestDescriptor.lambda$testInstancesProvider$5(ClassBasedTestDescriptor.java:278)
	at org.junit.jupiter.engine.execution.TestInstancesProvider.getTestInstances(TestInstancesProvider.java:31)
	at org.junit.jupiter.engine.descriptor.TestMethodTestDescriptor.lambda$prepare$0(TestMethodTestDescriptor.java:106)
	at org.junit.platform.engine.support.hierarchical.ThrowableCollector.execute(ThrowableCollector.java:73)
	at org.junit.jupiter.engine.descriptor.TestMethodTestDescriptor.prepare(TestMethodTestDescriptor.java:105)
	at org.junit.jupiter.engine.descriptor.TestMethodTestDescriptor.prepare(TestMethodTestDescriptor.java:69)
	at org.junit.platform.engine.support.hierarchical.NodeTestTask.lambda$prepare$2(NodeTestTask.java:123)
	at org.junit.platform.engine.support.hierarchical.ThrowableCollector.execute(ThrowableCollector.java:73)
	at org.junit.platform.engine.support.hierarchical.NodeTestTask.prepare(NodeTestTask.java:123)
	at org.junit.platform.engine.support.hierarchical.NodeTestTask.execute(NodeTestTask.java:90)
	at java.base/java.util.ArrayList.forEach(ArrayList.java:1511)
	at org.junit.platform.engine.support.hierarchical.SameThreadHierarchicalTestExecutorService.invokeAll(SameThreadHierarchicalTestExecutorService.java:41)
	at org.junit.platform.engine.support.hierarchical.NodeTestTask.lambda$executeRecursively$6(NodeTestTask.java:155)
	at org.junit.platform.engine.support.hierarchical.ThrowableCollector.execute(ThrowableCollector.java:73)
	at org.junit.platform.engine.support.hierarchical.NodeTestTask.lambda$executeRecursively$8(NodeTestTask.java:141)
	at org.junit.platform.engine.support.hierarchical.Node.around(Node.java:137)
	at org.junit.platform.engine.support.hierarchical.NodeTestTask.lambda$executeRecursively$9(NodeTestTask.java:139)
	at org.junit.platform.engine.support.hierarchical.ThrowableCollector.execute(ThrowableCollector.java:73)
	at org.junit.platform.engine.support.hierarchical.NodeTestTask.executeRecursively(NodeTestTask.java:138)
	at org.junit.platform.engine.support.hierarchical.NodeTestTask.execute(NodeTestTask.java:95)
	at java.base/java.util.ArrayList.forEach(ArrayList.java:1511)
	at org.junit.platform.engine.support.hierarchical.SameThreadHierarchicalTestExecutorService.invokeAll(SameThreadHierarchicalTestExecutorService.java:41)
	at org.junit.platform.engine.support.hierarchical.NodeTestTask.lambda$executeRecursively$6(NodeTestTask.java:155)
	at org.junit.platform.engine.support.hierarchical.ThrowableCollector.execute(ThrowableCollector.java:73)
	at org.junit.platform.engine.support.hierarchical.NodeTestTask.lambda$executeRecursively$8(NodeTestTask.java:141)
	at org.junit.platform.engine.support.hierarchical.Node.around(Node.java:137)
	at org.junit.platform.engine.support.hierarchical.NodeTestTask.lambda$executeRecursively$9(NodeTestTask.java:139)
	at org.junit.platform.engine.support.hierarchical.ThrowableCollector.execute(ThrowableCollector.java:73)
	at org.junit.platform.engine.support.hierarchical.NodeTestTask.executeRecursively(NodeTestTask.java:138)
	at org.junit.platform.engine.support.hierarchical.NodeTestTask.execute(NodeTestTask.java:95)
	at org.junit.platform.engine.support.hierarchical.SameThreadHierarchicalTestExecutorService.submit(SameThreadHierarchicalTestExecutorService.java:35)
	at org.junit.platform.engine.support.hierarchical.HierarchicalTestExecutor.execute(HierarchicalTestExecutor.java:57)
	at org.junit.platform.engine.support.hierarchical.HierarchicalTestEngine.execute(HierarchicalTestEngine.java:54)
	at org.junit.platform.launcher.core.EngineExecutionOrchestrator.execute(EngineExecutionOrchestrator.java:198)
	at org.junit.platform.launcher.core.EngineExecutionOrchestrator.execute(EngineExecutionOrchestrator.java:169)
	at org.junit.platform.launcher.core.EngineExecutionOrchestrator.execute(EngineExecutionOrchestrator.java:93)
	at org.junit.platform.launcher.core.EngineExecutionOrchestrator.lambda$execute$0(EngineExecutionOrchestrator.java:58)
	at org.junit.platform.launcher.core.EngineExecutionOrchestrator.withInterceptedStreams(EngineExecutionOrchestrator.java:141)
	at org.junit.platform.launcher.core.EngineExecutionOrchestrator.execute(EngineExecutionOrchestrator.java:57)
	at org.junit.platform.launcher.core.DefaultLauncher.execute(DefaultLauncher.java:103)
	at org.junit.platform.launcher.core.DefaultLauncher.execute(DefaultLauncher.java:85)
	at org.junit.platform.launcher.core.DelegatingLauncher.execute(DelegatingLauncher.java:47)
	at org.junit.platform.launcher.core.SessionPerRequestLauncher.execute(SessionPerRequestLauncher.java:63)
	at com.intellij.junit5.JUnit5IdeaTestRunner.startRunnerWithArgs(JUnit5IdeaTestRunner.java:57)
	at com.intellij.rt.junit.IdeaTestRunner$Repeater$1.execute(IdeaTestRunner.java:38)
	at com.intellij.rt.execution.junit.TestsRepeater.repeat(TestsRepeater.java:11)
	at com.intellij.rt.junit.IdeaTestRunner$Repeater.startRunnerWithArgs(IdeaTestRunner.java:35)
	at com.intellij.rt.junit.JUnitStarter.prepareStreamsAndStart(JUnitStarter.java:232)
	at com.intellij.rt.junit.JUnitStarter.main(JUnitStarter.java:55)
2025-02-06 15:06:50 [SpringApplicationShutdownHook] INFO  : Closing JPA EntityManagerFactory for persistence unit 'default'
2025-02-06 15:06:50 [SpringApplicationShutdownHook] INFO  : HikariPool-1 - Shutdown initiated...
2025-02-06 15:06:50 [SpringApplicationShutdownHook] INFO  : HikariPool-1 - Shutdown completed.
2025-02-06 15:39:26 [background-preinit] INFO  : HV000001: Hibernate Validator 8.0.1.Final
2025-02-06 15:39:26 [main] INFO  : Starting ProductServiceTests using Java 17.0.10 with PID 10692 (started by pavan in C:\D_Drive\Learning\SpringBoot\VLMS_Stock_API)
2025-02-06 15:39:26 [main] DEBUG : Running with Spring Boot v3.2.3, Spring v6.1.4
2025-02-06 15:39:26 [main] INFO  : No active profile set, falling back to 1 default profile: "default"
2025-02-06 15:39:27 [main] INFO  : Bootstrapping Spring Data JPA repositories in DEFAULT mode.
2025-02-06 15:39:27 [main] INFO  : Finished Spring Data repository scanning in 43 ms. Found 1 JPA repository interface.
2025-02-06 15:39:28 [main] INFO  : HHH000204: Processing PersistenceUnitInfo [name: default]
2025-02-06 15:39:28 [main] INFO  : HHH000412: Hibernate ORM core version 6.4.4.Final
2025-02-06 15:39:28 [main] INFO  : HHH000026: Second-level cache disabled
2025-02-06 15:39:28 [main] INFO  : No LoadTimeWeaver setup: ignoring JPA class transformer
2025-02-06 15:39:28 [main] INFO  : HikariPool-1 - Starting...
2025-02-06 15:39:28 [main] INFO  : HikariPool-1 - Added connection com.mysql.cj.jdbc.ConnectionImpl@5939f047
2025-02-06 15:39:28 [main] INFO  : HikariPool-1 - Start completed.
2025-02-06 15:39:29 [main] INFO  : HHH000489: No JTA platform available (set 'hibernate.transaction.jta.platform' to enable JTA platform integration)
2025-02-06 15:39:29 [main] INFO  : Initialized JPA EntityManagerFactory for persistence unit 'default'
2025-02-06 15:39:30 [main] WARN  : spring.jpa.open-in-view is enabled by default. Therefore, database queries may be performed during view rendering. Explicitly configure spring.jpa.open-in-view to disable this warning
2025-02-06 15:39:31 [main] INFO  : Exposing 14 endpoint(s) beneath base path '/actuator'
2025-02-06 15:39:31 [main] INFO  : Started ProductServiceTests in 6.124 seconds (process running for 7.085)
2025-02-06 15:39:32 [main] WARN  : Caught exception while allowing TestExecutionListener [org.springframework.boot.test.mock.mockito.MockitoTestExecutionListener] to prepare test instance [com.vlms.tests.ProductServiceTests@3bc57af4]
org.mockito.exceptions.base.MockitoException: 
Cannot instantiate @InjectMocks field named 'productService'! Cause: the type 'ProductService' is an interface.
You haven't provided the instance at field declaration so I tried to construct the instance.
Examples of correct usage of @InjectMocks:
   @InjectMocks Service service = new Service();
   @InjectMocks Service service;
   //and... don't forget about some @Mocks for injection :)

	at org.springframework.boot.test.mock.mockito.MockitoTestExecutionListener.initMocks(MockitoTestExecutionListener.java:88)
	at org.springframework.boot.test.mock.mockito.MockitoTestExecutionListener.prepareTestInstance(MockitoTestExecutionListener.java:62)
	at org.springframework.test.context.TestContextManager.prepareTestInstance(TestContextManager.java:260)
	at org.springframework.test.context.junit.jupiter.SpringExtension.postProcessTestInstance(SpringExtension.java:163)
	at org.junit.jupiter.engine.descriptor.ClassBasedTestDescriptor.lambda$invokeTestInstancePostProcessors$10(ClassBasedTestDescriptor.java:378)
	at org.junit.jupiter.engine.descriptor.ClassBasedTestDescriptor.executeAndMaskThrowable(ClassBasedTestDescriptor.java:383)
	at org.junit.jupiter.engine.descriptor.ClassBasedTestDescriptor.lambda$invokeTestInstancePostProcessors$11(ClassBasedTestDescriptor.java:378)
	at java.base/java.util.stream.ReferencePipeline$3$1.accept(ReferencePipeline.java:197)
	at java.base/java.util.stream.ReferencePipeline$2$1.accept(ReferencePipeline.java:179)
	at java.base/java.util.ArrayList$ArrayListSpliterator.forEachRemaining(ArrayList.java:1625)
	at java.base/java.util.stream.AbstractPipeline.copyInto(AbstractPipeline.java:509)
	at java.base/java.util.stream.AbstractPipeline.wrapAndCopyInto(AbstractPipeline.java:499)
	at java.base/java.util.stream.StreamSpliterators$WrappingSpliterator.forEachRemaining(StreamSpliterators.java:310)
	at java.base/java.util.stream.Streams$ConcatSpliterator.forEachRemaining(Streams.java:735)
	at java.base/java.util.stream.Streams$ConcatSpliterator.forEachRemaining(Streams.java:734)
	at java.base/java.util.stream.ReferencePipeline$Head.forEach(ReferencePipeline.java:762)
	at org.junit.jupiter.engine.descriptor.ClassBasedTestDescriptor.invokeTestInstancePostProcessors(ClassBasedTestDescriptor.java:377)
	at org.junit.jupiter.engine.descriptor.ClassBasedTestDescriptor.lambda$instantiateAndPostProcessTestInstance$6(ClassBasedTestDescriptor.java:290)
	at org.junit.platform.engine.support.hierarchical.ThrowableCollector.execute(ThrowableCollector.java:73)
	at org.junit.jupiter.engine.descriptor.ClassBasedTestDescriptor.instantiateAndPostProcessTestInstance(ClassBasedTestDescriptor.java:289)
	at org.junit.jupiter.engine.descriptor.ClassBasedTestDescriptor.lambda$testInstancesProvider$4(ClassBasedTestDescriptor.java:279)
	at java.base/java.util.Optional.orElseGet(Optional.java:364)
	at org.junit.jupiter.engine.descriptor.ClassBasedTestDescriptor.lambda$testInstancesProvider$5(ClassBasedTestDescriptor.java:278)
	at org.junit.jupiter.engine.execution.TestInstancesProvider.getTestInstances(TestInstancesProvider.java:31)
	at org.junit.jupiter.engine.descriptor.TestMethodTestDescriptor.lambda$prepare$0(TestMethodTestDescriptor.java:106)
	at org.junit.platform.engine.support.hierarchical.ThrowableCollector.execute(ThrowableCollector.java:73)
	at org.junit.jupiter.engine.descriptor.TestMethodTestDescriptor.prepare(TestMethodTestDescriptor.java:105)
	at org.junit.jupiter.engine.descriptor.TestMethodTestDescriptor.prepare(TestMethodTestDescriptor.java:69)
	at org.junit.platform.engine.support.hierarchical.NodeTestTask.lambda$prepare$2(NodeTestTask.java:123)
	at org.junit.platform.engine.support.hierarchical.ThrowableCollector.execute(ThrowableCollector.java:73)
	at org.junit.platform.engine.support.hierarchical.NodeTestTask.prepare(NodeTestTask.java:123)
	at org.junit.platform.engine.support.hierarchical.NodeTestTask.execute(NodeTestTask.java:90)
	at java.base/java.util.ArrayList.forEach(ArrayList.java:1511)
	at org.junit.platform.engine.support.hierarchical.SameThreadHierarchicalTestExecutorService.invokeAll(SameThreadHierarchicalTestExecutorService.java:41)
	at org.junit.platform.engine.support.hierarchical.NodeTestTask.lambda$executeRecursively$6(NodeTestTask.java:155)
	at org.junit.platform.engine.support.hierarchical.ThrowableCollector.execute(ThrowableCollector.java:73)
	at org.junit.platform.engine.support.hierarchical.NodeTestTask.lambda$executeRecursively$8(NodeTestTask.java:141)
	at org.junit.platform.engine.support.hierarchical.Node.around(Node.java:137)
	at org.junit.platform.engine.support.hierarchical.NodeTestTask.lambda$executeRecursively$9(NodeTestTask.java:139)
	at org.junit.platform.engine.support.hierarchical.ThrowableCollector.execute(ThrowableCollector.java:73)
	at org.junit.platform.engine.support.hierarchical.NodeTestTask.executeRecursively(NodeTestTask.java:138)
	at org.junit.platform.engine.support.hierarchical.NodeTestTask.execute(NodeTestTask.java:95)
	at java.base/java.util.ArrayList.forEach(ArrayList.java:1511)
	at org.junit.platform.engine.support.hierarchical.SameThreadHierarchicalTestExecutorService.invokeAll(SameThreadHierarchicalTestExecutorService.java:41)
	at org.junit.platform.engine.support.hierarchical.NodeTestTask.lambda$executeRecursively$6(NodeTestTask.java:155)
	at org.junit.platform.engine.support.hierarchical.ThrowableCollector.execute(ThrowableCollector.java:73)
	at org.junit.platform.engine.support.hierarchical.NodeTestTask.lambda$executeRecursively$8(NodeTestTask.java:141)
	at org.junit.platform.engine.support.hierarchical.Node.around(Node.java:137)
	at org.junit.platform.engine.support.hierarchical.NodeTestTask.lambda$executeRecursively$9(NodeTestTask.java:139)
	at org.junit.platform.engine.support.hierarchical.ThrowableCollector.execute(ThrowableCollector.java:73)
	at org.junit.platform.engine.support.hierarchical.NodeTestTask.executeRecursively(NodeTestTask.java:138)
	at org.junit.platform.engine.support.hierarchical.NodeTestTask.execute(NodeTestTask.java:95)
	at org.junit.platform.engine.support.hierarchical.SameThreadHierarchicalTestExecutorService.submit(SameThreadHierarchicalTestExecutorService.java:35)
	at org.junit.platform.engine.support.hierarchical.HierarchicalTestExecutor.execute(HierarchicalTestExecutor.java:57)
	at org.junit.platform.engine.support.hierarchical.HierarchicalTestEngine.execute(HierarchicalTestEngine.java:54)
	at org.junit.platform.launcher.core.EngineExecutionOrchestrator.execute(EngineExecutionOrchestrator.java:198)
	at org.junit.platform.launcher.core.EngineExecutionOrchestrator.execute(EngineExecutionOrchestrator.java:169)
	at org.junit.platform.launcher.core.EngineExecutionOrchestrator.execute(EngineExecutionOrchestrator.java:93)
	at org.junit.platform.launcher.core.EngineExecutionOrchestrator.lambda$execute$0(EngineExecutionOrchestrator.java:58)
	at org.junit.platform.launcher.core.EngineExecutionOrchestrator.withInterceptedStreams(EngineExecutionOrchestrator.java:141)
	at org.junit.platform.launcher.core.EngineExecutionOrchestrator.execute(EngineExecutionOrchestrator.java:57)
	at org.junit.platform.launcher.core.DefaultLauncher.execute(DefaultLauncher.java:103)
	at org.junit.platform.launcher.core.DefaultLauncher.execute(DefaultLauncher.java:85)
	at org.junit.platform.launcher.core.DelegatingLauncher.execute(DelegatingLauncher.java:47)
	at org.junit.platform.launcher.core.SessionPerRequestLauncher.execute(SessionPerRequestLauncher.java:63)
	at com.intellij.junit5.JUnit5IdeaTestRunner.startRunnerWithArgs(JUnit5IdeaTestRunner.java:57)
	at com.intellij.rt.junit.IdeaTestRunner$Repeater$1.execute(IdeaTestRunner.java:38)
	at com.intellij.rt.execution.junit.TestsRepeater.repeat(TestsRepeater.java:11)
	at com.intellij.rt.junit.IdeaTestRunner$Repeater.startRunnerWithArgs(IdeaTestRunner.java:35)
	at com.intellij.rt.junit.JUnitStarter.prepareStreamsAndStart(JUnitStarter.java:232)
	at com.intellij.rt.junit.JUnitStarter.main(JUnitStarter.java:55)
2025-02-06 15:39:32 [SpringApplicationShutdownHook] INFO  : Closing JPA EntityManagerFactory for persistence unit 'default'
2025-02-06 15:39:32 [SpringApplicationShutdownHook] INFO  : HikariPool-1 - Shutdown initiated...
2025-02-06 15:39:32 [SpringApplicationShutdownHook] INFO  : HikariPool-1 - Shutdown completed.
2025-02-06 15:58:23 [background-preinit] INFO  : HV000001: Hibernate Validator 8.0.1.Final
2025-02-06 15:58:23 [main] INFO  : Starting ProductServiceTests using Java 17.0.10 with PID 3140 (started by pavan in C:\D_Drive\Learning\SpringBoot\VLMS_Stock_API)
2025-02-06 15:58:23 [main] DEBUG : Running with Spring Boot v3.2.3, Spring v6.1.4
2025-02-06 15:58:23 [main] INFO  : No active profile set, falling back to 1 default profile: "default"
2025-02-06 15:58:24 [main] INFO  : Bootstrapping Spring Data JPA repositories in DEFAULT mode.
2025-02-06 15:58:24 [main] INFO  : Finished Spring Data repository scanning in 54 ms. Found 1 JPA repository interface.
2025-02-06 15:58:25 [main] INFO  : HHH000204: Processing PersistenceUnitInfo [name: default]
2025-02-06 15:58:25 [main] INFO  : HHH000412: Hibernate ORM core version 6.4.4.Final
2025-02-06 15:58:25 [main] INFO  : HHH000026: Second-level cache disabled
2025-02-06 15:58:26 [main] INFO  : No LoadTimeWeaver setup: ignoring JPA class transformer
2025-02-06 15:58:26 [main] INFO  : HikariPool-1 - Starting...
2025-02-06 15:58:26 [main] INFO  : HikariPool-1 - Added connection com.mysql.cj.jdbc.ConnectionImpl@1c459c28
2025-02-06 15:58:26 [main] INFO  : HikariPool-1 - Start completed.
2025-02-06 15:58:27 [main] INFO  : HHH000489: No JTA platform available (set 'hibernate.transaction.jta.platform' to enable JTA platform integration)
2025-02-06 15:58:27 [main] INFO  : Initialized JPA EntityManagerFactory for persistence unit 'default'
2025-02-06 15:58:28 [main] WARN  : spring.jpa.open-in-view is enabled by default. Therefore, database queries may be performed during view rendering. Explicitly configure spring.jpa.open-in-view to disable this warning
2025-02-06 15:58:29 [main] INFO  : Initializing Spring TestDispatcherServlet ''
2025-02-06 15:58:29 [main] INFO  : Initializing Servlet ''
2025-02-06 15:58:29 [main] INFO  : Exposing 14 endpoint(s) beneath base path '/actuator'
2025-02-06 15:58:29 [main] INFO  : Completed initialization in 32 ms
2025-02-06 15:58:29 [main] INFO  : Started ProductServiceTests in 6.4 seconds (process running for 7.382)
2025-02-06 15:58:30 [main] WARN  : Caught exception while allowing TestExecutionListener [org.springframework.boot.test.mock.mockito.MockitoTestExecutionListener] to prepare test instance [com.vlms.tests.ProductServiceTests@3d1ecf3b]
org.mockito.exceptions.base.MockitoException: 
Cannot instantiate @InjectMocks field named 'productService'! Cause: the type 'ProductService' is an interface.
You haven't provided the instance at field declaration so I tried to construct the instance.
Examples of correct usage of @InjectMocks:
   @InjectMocks Service service = new Service();
   @InjectMocks Service service;
   //and... don't forget about some @Mocks for injection :)

	at org.springframework.boot.test.mock.mockito.MockitoTestExecutionListener.initMocks(MockitoTestExecutionListener.java:88)
	at org.springframework.boot.test.mock.mockito.MockitoTestExecutionListener.prepareTestInstance(MockitoTestExecutionListener.java:62)
	at org.springframework.test.context.TestContextManager.prepareTestInstance(TestContextManager.java:260)
	at org.springframework.test.context.junit.jupiter.SpringExtension.postProcessTestInstance(SpringExtension.java:163)
	at org.junit.jupiter.engine.descriptor.ClassBasedTestDescriptor.lambda$invokeTestInstancePostProcessors$10(ClassBasedTestDescriptor.java:378)
	at org.junit.jupiter.engine.descriptor.ClassBasedTestDescriptor.executeAndMaskThrowable(ClassBasedTestDescriptor.java:383)
	at org.junit.jupiter.engine.descriptor.ClassBasedTestDescriptor.lambda$invokeTestInstancePostProcessors$11(ClassBasedTestDescriptor.java:378)
	at java.base/java.util.stream.ReferencePipeline$3$1.accept(ReferencePipeline.java:197)
	at java.base/java.util.stream.ReferencePipeline$2$1.accept(ReferencePipeline.java:179)
	at java.base/java.util.ArrayList$ArrayListSpliterator.forEachRemaining(ArrayList.java:1625)
	at java.base/java.util.stream.AbstractPipeline.copyInto(AbstractPipeline.java:509)
	at java.base/java.util.stream.AbstractPipeline.wrapAndCopyInto(AbstractPipeline.java:499)
	at java.base/java.util.stream.StreamSpliterators$WrappingSpliterator.forEachRemaining(StreamSpliterators.java:310)
	at java.base/java.util.stream.Streams$ConcatSpliterator.forEachRemaining(Streams.java:735)
	at java.base/java.util.stream.Streams$ConcatSpliterator.forEachRemaining(Streams.java:734)
	at java.base/java.util.stream.ReferencePipeline$Head.forEach(ReferencePipeline.java:762)
	at org.junit.jupiter.engine.descriptor.ClassBasedTestDescriptor.invokeTestInstancePostProcessors(ClassBasedTestDescriptor.java:377)
	at org.junit.jupiter.engine.descriptor.ClassBasedTestDescriptor.lambda$instantiateAndPostProcessTestInstance$6(ClassBasedTestDescriptor.java:290)
	at org.junit.platform.engine.support.hierarchical.ThrowableCollector.execute(ThrowableCollector.java:73)
	at org.junit.jupiter.engine.descriptor.ClassBasedTestDescriptor.instantiateAndPostProcessTestInstance(ClassBasedTestDescriptor.java:289)
	at org.junit.jupiter.engine.descriptor.ClassBasedTestDescriptor.lambda$testInstancesProvider$4(ClassBasedTestDescriptor.java:279)
	at java.base/java.util.Optional.orElseGet(Optional.java:364)
	at org.junit.jupiter.engine.descriptor.ClassBasedTestDescriptor.lambda$testInstancesProvider$5(ClassBasedTestDescriptor.java:278)
	at org.junit.jupiter.engine.execution.TestInstancesProvider.getTestInstances(TestInstancesProvider.java:31)
	at org.junit.jupiter.engine.descriptor.TestMethodTestDescriptor.lambda$prepare$0(TestMethodTestDescriptor.java:106)
	at org.junit.platform.engine.support.hierarchical.ThrowableCollector.execute(ThrowableCollector.java:73)
	at org.junit.jupiter.engine.descriptor.TestMethodTestDescriptor.prepare(TestMethodTestDescriptor.java:105)
	at org.junit.jupiter.engine.descriptor.TestMethodTestDescriptor.prepare(TestMethodTestDescriptor.java:69)
	at org.junit.platform.engine.support.hierarchical.NodeTestTask.lambda$prepare$2(NodeTestTask.java:123)
	at org.junit.platform.engine.support.hierarchical.ThrowableCollector.execute(ThrowableCollector.java:73)
	at org.junit.platform.engine.support.hierarchical.NodeTestTask.prepare(NodeTestTask.java:123)
	at org.junit.platform.engine.support.hierarchical.NodeTestTask.execute(NodeTestTask.java:90)
	at java.base/java.util.ArrayList.forEach(ArrayList.java:1511)
	at org.junit.platform.engine.support.hierarchical.SameThreadHierarchicalTestExecutorService.invokeAll(SameThreadHierarchicalTestExecutorService.java:41)
	at org.junit.platform.engine.support.hierarchical.NodeTestTask.lambda$executeRecursively$6(NodeTestTask.java:155)
	at org.junit.platform.engine.support.hierarchical.ThrowableCollector.execute(ThrowableCollector.java:73)
	at org.junit.platform.engine.support.hierarchical.NodeTestTask.lambda$executeRecursively$8(NodeTestTask.java:141)
	at org.junit.platform.engine.support.hierarchical.Node.around(Node.java:137)
	at org.junit.platform.engine.support.hierarchical.NodeTestTask.lambda$executeRecursively$9(NodeTestTask.java:139)
	at org.junit.platform.engine.support.hierarchical.ThrowableCollector.execute(ThrowableCollector.java:73)
	at org.junit.platform.engine.support.hierarchical.NodeTestTask.executeRecursively(NodeTestTask.java:138)
	at org.junit.platform.engine.support.hierarchical.NodeTestTask.execute(NodeTestTask.java:95)
	at java.base/java.util.ArrayList.forEach(ArrayList.java:1511)
	at org.junit.platform.engine.support.hierarchical.SameThreadHierarchicalTestExecutorService.invokeAll(SameThreadHierarchicalTestExecutorService.java:41)
	at org.junit.platform.engine.support.hierarchical.NodeTestTask.lambda$executeRecursively$6(NodeTestTask.java:155)
	at org.junit.platform.engine.support.hierarchical.ThrowableCollector.execute(ThrowableCollector.java:73)
	at org.junit.platform.engine.support.hierarchical.NodeTestTask.lambda$executeRecursively$8(NodeTestTask.java:141)
	at org.junit.platform.engine.support.hierarchical.Node.around(Node.java:137)
	at org.junit.platform.engine.support.hierarchical.NodeTestTask.lambda$executeRecursively$9(NodeTestTask.java:139)
	at org.junit.platform.engine.support.hierarchical.ThrowableCollector.execute(ThrowableCollector.java:73)
	at org.junit.platform.engine.support.hierarchical.NodeTestTask.executeRecursively(NodeTestTask.java:138)
	at org.junit.platform.engine.support.hierarchical.NodeTestTask.execute(NodeTestTask.java:95)
	at org.junit.platform.engine.support.hierarchical.SameThreadHierarchicalTestExecutorService.submit(SameThreadHierarchicalTestExecutorService.java:35)
	at org.junit.platform.engine.support.hierarchical.HierarchicalTestExecutor.execute(HierarchicalTestExecutor.java:57)
	at org.junit.platform.engine.support.hierarchical.HierarchicalTestEngine.execute(HierarchicalTestEngine.java:54)
	at org.junit.platform.launcher.core.EngineExecutionOrchestrator.execute(EngineExecutionOrchestrator.java:198)
	at org.junit.platform.launcher.core.EngineExecutionOrchestrator.execute(EngineExecutionOrchestrator.java:169)
	at org.junit.platform.launcher.core.EngineExecutionOrchestrator.execute(EngineExecutionOrchestrator.java:93)
	at org.junit.platform.launcher.core.EngineExecutionOrchestrator.lambda$execute$0(EngineExecutionOrchestrator.java:58)
	at org.junit.platform.launcher.core.EngineExecutionOrchestrator.withInterceptedStreams(EngineExecutionOrchestrator.java:141)
	at org.junit.platform.launcher.core.EngineExecutionOrchestrator.execute(EngineExecutionOrchestrator.java:57)
	at org.junit.platform.launcher.core.DefaultLauncher.execute(DefaultLauncher.java:103)
	at org.junit.platform.launcher.core.DefaultLauncher.execute(DefaultLauncher.java:85)
	at org.junit.platform.launcher.core.DelegatingLauncher.execute(DelegatingLauncher.java:47)
	at org.junit.platform.launcher.core.SessionPerRequestLauncher.execute(SessionPerRequestLauncher.java:63)
	at com.intellij.junit5.JUnit5IdeaTestRunner.startRunnerWithArgs(JUnit5IdeaTestRunner.java:57)
	at com.intellij.rt.junit.IdeaTestRunner$Repeater$1.execute(IdeaTestRunner.java:38)
	at com.intellij.rt.execution.junit.TestsRepeater.repeat(TestsRepeater.java:11)
	at com.intellij.rt.junit.IdeaTestRunner$Repeater.startRunnerWithArgs(IdeaTestRunner.java:35)
	at com.intellij.rt.junit.JUnitStarter.prepareStreamsAndStart(JUnitStarter.java:232)
	at com.intellij.rt.junit.JUnitStarter.main(JUnitStarter.java:55)
2025-02-06 15:58:30 [SpringApplicationShutdownHook] INFO  : Closing JPA EntityManagerFactory for persistence unit 'default'
2025-02-06 15:58:30 [SpringApplicationShutdownHook] INFO  : HikariPool-1 - Shutdown initiated...
2025-02-06 15:58:30 [SpringApplicationShutdownHook] INFO  : HikariPool-1 - Shutdown completed.
2025-02-06 15:58:54 [background-preinit] INFO  : HV000001: Hibernate Validator 8.0.1.Final
2025-02-06 15:58:54 [main] INFO  : Starting ProductServiceTests using Java 17.0.10 with PID 17840 (started by pavan in C:\D_Drive\Learning\SpringBoot\VLMS_Stock_API)
2025-02-06 15:58:54 [main] DEBUG : Running with Spring Boot v3.2.3, Spring v6.1.4
2025-02-06 15:58:54 [main] INFO  : No active profile set, falling back to 1 default profile: "default"
2025-02-06 15:58:55 [main] INFO  : Bootstrapping Spring Data JPA repositories in DEFAULT mode.
2025-02-06 15:58:55 [main] INFO  : Finished Spring Data repository scanning in 63 ms. Found 1 JPA repository interface.
2025-02-06 15:58:56 [main] INFO  : HHH000204: Processing PersistenceUnitInfo [name: default]
2025-02-06 15:58:56 [main] INFO  : HHH000412: Hibernate ORM core version 6.4.4.Final
2025-02-06 15:58:56 [main] INFO  : HHH000026: Second-level cache disabled
2025-02-06 15:58:56 [main] INFO  : No LoadTimeWeaver setup: ignoring JPA class transformer
2025-02-06 15:58:56 [main] INFO  : HikariPool-1 - Starting...
2025-02-06 15:58:56 [main] INFO  : HikariPool-1 - Added connection com.mysql.cj.jdbc.ConnectionImpl@3c65f00e
2025-02-06 15:58:56 [main] INFO  : HikariPool-1 - Start completed.
2025-02-06 15:58:57 [main] INFO  : HHH000489: No JTA platform available (set 'hibernate.transaction.jta.platform' to enable JTA platform integration)
2025-02-06 15:58:57 [main] INFO  : Initialized JPA EntityManagerFactory for persistence unit 'default'
2025-02-06 15:58:58 [main] WARN  : spring.jpa.open-in-view is enabled by default. Therefore, database queries may be performed during view rendering. Explicitly configure spring.jpa.open-in-view to disable this warning
2025-02-06 15:58:59 [main] INFO  : Initializing Spring TestDispatcherServlet ''
2025-02-06 15:58:59 [main] INFO  : Initializing Servlet ''
2025-02-06 15:58:59 [main] INFO  : Exposing 14 endpoint(s) beneath base path '/actuator'
2025-02-06 15:58:59 [main] INFO  : Completed initialization in 32 ms
2025-02-06 15:59:00 [main] INFO  : Started ProductServiceTests in 6.351 seconds (process running for 7.319)
2025-02-06 15:59:00 [main] INFO  : Start getAllProducts
2025-02-06 15:59:00 [main] DEBUG : Start getAllProducts debug
2025-02-06 15:59:00 [main] TRACE : Start getAllProducts trace
2025-02-06 15:59:00 [SpringApplicationShutdownHook] INFO  : Closing JPA EntityManagerFactory for persistence unit 'default'
2025-02-06 15:59:01 [SpringApplicationShutdownHook] INFO  : HikariPool-1 - Shutdown initiated...
2025-02-06 15:59:01 [SpringApplicationShutdownHook] INFO  : HikariPool-1 - Shutdown completed.
2025-02-06 15:59:20 [background-preinit] INFO  : HV000001: Hibernate Validator 8.0.1.Final
2025-02-06 15:59:20 [main] INFO  : Starting ProductServiceTests using Java 17.0.10 with PID 17728 (started by pavan in C:\D_Drive\Learning\SpringBoot\VLMS_Stock_API)
2025-02-06 15:59:20 [main] DEBUG : Running with Spring Boot v3.2.3, Spring v6.1.4
2025-02-06 15:59:20 [main] INFO  : No active profile set, falling back to 1 default profile: "default"
2025-02-06 15:59:21 [main] INFO  : Bootstrapping Spring Data JPA repositories in DEFAULT mode.
2025-02-06 15:59:21 [main] INFO  : Finished Spring Data repository scanning in 39 ms. Found 1 JPA repository interface.
2025-02-06 15:59:22 [main] INFO  : HHH000204: Processing PersistenceUnitInfo [name: default]
2025-02-06 15:59:22 [main] INFO  : HHH000412: Hibernate ORM core version 6.4.4.Final
2025-02-06 15:59:22 [main] INFO  : HHH000026: Second-level cache disabled
2025-02-06 15:59:22 [main] INFO  : No LoadTimeWeaver setup: ignoring JPA class transformer
2025-02-06 15:59:22 [main] INFO  : HikariPool-1 - Starting...
2025-02-06 15:59:22 [main] INFO  : HikariPool-1 - Added connection com.mysql.cj.jdbc.ConnectionImpl@780c0
2025-02-06 15:59:22 [main] INFO  : HikariPool-1 - Start completed.
2025-02-06 15:59:23 [main] INFO  : HHH000489: No JTA platform available (set 'hibernate.transaction.jta.platform' to enable JTA platform integration)
2025-02-06 15:59:23 [main] INFO  : Initialized JPA EntityManagerFactory for persistence unit 'default'
2025-02-06 15:59:24 [main] WARN  : spring.jpa.open-in-view is enabled by default. Therefore, database queries may be performed during view rendering. Explicitly configure spring.jpa.open-in-view to disable this warning
2025-02-06 15:59:25 [main] INFO  : Initializing Spring TestDispatcherServlet ''
2025-02-06 15:59:25 [main] INFO  : Initializing Servlet ''
2025-02-06 15:59:25 [main] INFO  : Exposing 14 endpoint(s) beneath base path '/actuator'
2025-02-06 15:59:25 [main] INFO  : Completed initialization in 44 ms
2025-02-06 15:59:25 [main] INFO  : Started ProductServiceTests in 6.121 seconds (process running for 7.053)
2025-02-06 15:59:26 [SpringApplicationShutdownHook] INFO  : Closing JPA EntityManagerFactory for persistence unit 'default'
2025-02-06 15:59:26 [SpringApplicationShutdownHook] INFO  : HikariPool-1 - Shutdown initiated...
2025-02-06 15:59:26 [SpringApplicationShutdownHook] INFO  : HikariPool-1 - Shutdown completed.
2025-02-06 16:00:57 [background-preinit] INFO  : HV000001: Hibernate Validator 8.0.1.Final
2025-02-06 16:00:57 [main] INFO  : Starting ProductServiceTests using Java 17.0.10 with PID 18480 (started by pavan in C:\D_Drive\Learning\SpringBoot\VLMS_Stock_API)
2025-02-06 16:00:57 [main] DEBUG : Running with Spring Boot v3.2.3, Spring v6.1.4
2025-02-06 16:00:57 [main] INFO  : No active profile set, falling back to 1 default profile: "default"
2025-02-06 16:00:58 [main] INFO  : Bootstrapping Spring Data JPA repositories in DEFAULT mode.
2025-02-06 16:00:58 [main] INFO  : Finished Spring Data repository scanning in 51 ms. Found 1 JPA repository interface.
2025-02-06 16:01:00 [main] INFO  : HHH000204: Processing PersistenceUnitInfo [name: default]
2025-02-06 16:01:00 [main] INFO  : HHH000412: Hibernate ORM core version 6.4.4.Final
2025-02-06 16:01:00 [main] INFO  : HHH000026: Second-level cache disabled
2025-02-06 16:01:00 [main] INFO  : No LoadTimeWeaver setup: ignoring JPA class transformer
2025-02-06 16:01:00 [main] INFO  : HikariPool-1 - Starting...
2025-02-06 16:01:01 [main] INFO  : HikariPool-1 - Added connection com.mysql.cj.jdbc.ConnectionImpl@7a364e1c
2025-02-06 16:01:01 [main] INFO  : HikariPool-1 - Start completed.
2025-02-06 16:01:02 [main] INFO  : HHH000489: No JTA platform available (set 'hibernate.transaction.jta.platform' to enable JTA platform integration)
2025-02-06 16:01:02 [main] INFO  : Initialized JPA EntityManagerFactory for persistence unit 'default'
2025-02-06 16:01:02 [main] WARN  : spring.jpa.open-in-view is enabled by default. Therefore, database queries may be performed during view rendering. Explicitly configure spring.jpa.open-in-view to disable this warning
2025-02-06 16:01:03 [main] INFO  : Initializing Spring TestDispatcherServlet ''
2025-02-06 16:01:03 [main] INFO  : Initializing Servlet ''
2025-02-06 16:01:03 [main] INFO  : Exposing 14 endpoint(s) beneath base path '/actuator'
2025-02-06 16:01:04 [main] INFO  : Completed initialization in 30 ms
2025-02-06 16:01:04 [main] INFO  : Started ProductServiceTests in 7.04 seconds (process running for 7.984)
2025-02-06 16:01:04 [SpringApplicationShutdownHook] INFO  : Closing JPA EntityManagerFactory for persistence unit 'default'
2025-02-06 16:01:04 [SpringApplicationShutdownHook] INFO  : HikariPool-1 - Shutdown initiated...
2025-02-06 16:01:04 [SpringApplicationShutdownHook] INFO  : HikariPool-1 - Shutdown completed.
2025-02-06 16:10:21 [background-preinit] INFO  : HV000001: Hibernate Validator 8.0.1.Final
2025-02-06 16:10:21 [main] INFO  : Starting ProductServiceTests using Java 17.0.10 with PID 9432 (started by pavan in C:\D_Drive\Learning\SpringBoot\VLMS_Stock_API)
2025-02-06 16:10:21 [main] DEBUG : Running with Spring Boot v3.2.3, Spring v6.1.4
2025-02-06 16:10:21 [main] INFO  : No active profile set, falling back to 1 default profile: "default"
2025-02-06 16:10:22 [main] INFO  : Bootstrapping Spring Data JPA repositories in DEFAULT mode.
2025-02-06 16:10:22 [main] INFO  : Finished Spring Data repository scanning in 40 ms. Found 1 JPA repository interface.
2025-02-06 16:10:24 [main] INFO  : HHH000204: Processing PersistenceUnitInfo [name: default]
2025-02-06 16:10:24 [main] INFO  : HHH000412: Hibernate ORM core version 6.4.4.Final
2025-02-06 16:10:24 [main] INFO  : HHH000026: Second-level cache disabled
2025-02-06 16:10:24 [main] INFO  : No LoadTimeWeaver setup: ignoring JPA class transformer
2025-02-06 16:10:25 [main] INFO  : HikariPool-1 - Starting...
2025-02-06 16:10:25 [main] INFO  : HikariPool-1 - Added connection com.mysql.cj.jdbc.ConnectionImpl@279e8bc0
2025-02-06 16:10:25 [main] INFO  : HikariPool-1 - Start completed.
2025-02-06 16:10:26 [main] INFO  : HHH000489: No JTA platform available (set 'hibernate.transaction.jta.platform' to enable JTA platform integration)
2025-02-06 16:10:26 [main] INFO  : Initialized JPA EntityManagerFactory for persistence unit 'default'
2025-02-06 16:10:26 [main] WARN  : spring.jpa.open-in-view is enabled by default. Therefore, database queries may be performed during view rendering. Explicitly configure spring.jpa.open-in-view to disable this warning
2025-02-06 16:10:28 [main] INFO  : Initializing Spring TestDispatcherServlet ''
2025-02-06 16:10:28 [main] INFO  : Initializing Servlet ''
2025-02-06 16:10:28 [main] INFO  : Exposing 14 endpoint(s) beneath base path '/actuator'
2025-02-06 16:10:28 [main] INFO  : Completed initialization in 33 ms
2025-02-06 16:10:28 [main] INFO  : Started ProductServiceTests in 7.004 seconds (process running for 7.958)
2025-02-06 16:10:28 [SpringApplicationShutdownHook] INFO  : Closing JPA EntityManagerFactory for persistence unit 'default'
2025-02-06 16:10:28 [SpringApplicationShutdownHook] INFO  : HikariPool-1 - Shutdown initiated...
2025-02-06 16:10:28 [SpringApplicationShutdownHook] INFO  : HikariPool-1 - Shutdown completed.
2025-02-06 16:13:28 [background-preinit] INFO  : HV000001: Hibernate Validator 8.0.1.Final
2025-02-06 16:13:28 [main] INFO  : Starting ProductServiceTests using Java 17.0.10 with PID 14420 (started by pavan in C:\D_Drive\Learning\SpringBoot\VLMS_Stock_API)
2025-02-06 16:13:28 [main] DEBUG : Running with Spring Boot v3.2.3, Spring v6.1.4
2025-02-06 16:13:28 [main] INFO  : No active profile set, falling back to 1 default profile: "default"
2025-02-06 16:13:29 [main] INFO  : Bootstrapping Spring Data JPA repositories in DEFAULT mode.
2025-02-06 16:13:29 [main] INFO  : Finished Spring Data repository scanning in 56 ms. Found 1 JPA repository interface.
2025-02-06 16:13:31 [main] INFO  : HHH000204: Processing PersistenceUnitInfo [name: default]
2025-02-06 16:13:31 [main] INFO  : HHH000412: Hibernate ORM core version 6.4.4.Final
2025-02-06 16:13:31 [main] INFO  : HHH000026: Second-level cache disabled
2025-02-06 16:13:31 [main] INFO  : No LoadTimeWeaver setup: ignoring JPA class transformer
2025-02-06 16:13:31 [main] INFO  : HikariPool-1 - Starting...
2025-02-06 16:13:31 [main] INFO  : HikariPool-1 - Added connection com.mysql.cj.jdbc.ConnectionImpl@58690f5e
2025-02-06 16:13:31 [main] INFO  : HikariPool-1 - Start completed.
2025-02-06 16:13:32 [main] INFO  : HHH000489: No JTA platform available (set 'hibernate.transaction.jta.platform' to enable JTA platform integration)
2025-02-06 16:13:32 [main] INFO  : Initialized JPA EntityManagerFactory for persistence unit 'default'
2025-02-06 16:13:33 [main] WARN  : spring.jpa.open-in-view is enabled by default. Therefore, database queries may be performed during view rendering. Explicitly configure spring.jpa.open-in-view to disable this warning
2025-02-06 16:13:34 [main] INFO  : Initializing Spring TestDispatcherServlet ''
2025-02-06 16:13:34 [main] INFO  : Initializing Servlet ''
2025-02-06 16:13:34 [main] INFO  : Exposing 14 endpoint(s) beneath base path '/actuator'
2025-02-06 16:13:34 [main] INFO  : Completed initialization in 33 ms
2025-02-06 16:13:34 [main] INFO  : Started ProductServiceTests in 7.035 seconds (process running for 7.963)
2025-02-06 16:13:35 [SpringApplicationShutdownHook] INFO  : Closing JPA EntityManagerFactory for persistence unit 'default'
2025-02-06 16:13:35 [SpringApplicationShutdownHook] INFO  : HikariPool-1 - Shutdown initiated...
2025-02-06 16:13:35 [SpringApplicationShutdownHook] INFO  : HikariPool-1 - Shutdown completed.
2025-02-06 16:17:07 [background-preinit] INFO  : HV000001: Hibernate Validator 8.0.1.Final
2025-02-06 16:17:07 [main] INFO  : Starting ProductServiceTests using Java 17.0.10 with PID 4816 (started by pavan in C:\D_Drive\Learning\SpringBoot\VLMS_Stock_API)
2025-02-06 16:17:07 [main] DEBUG : Running with Spring Boot v3.2.3, Spring v6.1.4
2025-02-06 16:17:07 [main] INFO  : No active profile set, falling back to 1 default profile: "default"
2025-02-06 16:17:08 [main] INFO  : Bootstrapping Spring Data JPA repositories in DEFAULT mode.
2025-02-06 16:17:08 [main] INFO  : Finished Spring Data repository scanning in 39 ms. Found 1 JPA repository interface.
2025-02-06 16:17:10 [main] INFO  : HHH000204: Processing PersistenceUnitInfo [name: default]
2025-02-06 16:17:10 [main] INFO  : HHH000412: Hibernate ORM core version 6.4.4.Final
2025-02-06 16:17:10 [main] INFO  : HHH000026: Second-level cache disabled
2025-02-06 16:17:10 [main] INFO  : No LoadTimeWeaver setup: ignoring JPA class transformer
2025-02-06 16:17:11 [main] INFO  : HikariPool-1 - Starting...
2025-02-06 16:17:11 [main] INFO  : HikariPool-1 - Added connection com.mysql.cj.jdbc.ConnectionImpl@1a5a4f8
2025-02-06 16:17:11 [main] INFO  : HikariPool-1 - Start completed.
2025-02-06 16:17:12 [main] INFO  : HHH000489: No JTA platform available (set 'hibernate.transaction.jta.platform' to enable JTA platform integration)
2025-02-06 16:17:12 [main] INFO  : Initialized JPA EntityManagerFactory for persistence unit 'default'
2025-02-06 16:17:12 [main] WARN  : spring.jpa.open-in-view is enabled by default. Therefore, database queries may be performed during view rendering. Explicitly configure spring.jpa.open-in-view to disable this warning
2025-02-06 16:17:14 [main] INFO  : Initializing Spring TestDispatcherServlet ''
2025-02-06 16:17:14 [main] INFO  : Initializing Servlet ''
2025-02-06 16:17:14 [main] INFO  : Exposing 14 endpoint(s) beneath base path '/actuator'
2025-02-06 16:17:14 [main] INFO  : Completed initialization in 34 ms
2025-02-06 16:17:14 [main] INFO  : Started ProductServiceTests in 6.894 seconds (process running for 7.865)
2025-02-06 16:17:14 [SpringApplicationShutdownHook] INFO  : Closing JPA EntityManagerFactory for persistence unit 'default'
2025-02-06 16:17:14 [SpringApplicationShutdownHook] INFO  : HikariPool-1 - Shutdown initiated...
2025-02-06 16:17:14 [SpringApplicationShutdownHook] INFO  : HikariPool-1 - Shutdown completed.
2025-02-06 16:18:32 [background-preinit] INFO  : HV000001: Hibernate Validator 8.0.1.Final
2025-02-06 16:18:32 [main] INFO  : Starting ProductServiceTests using Java 17.0.10 with PID 15188 (started by pavan in C:\D_Drive\Learning\SpringBoot\VLMS_Stock_API)
2025-02-06 16:18:32 [main] DEBUG : Running with Spring Boot v3.2.3, Spring v6.1.4
2025-02-06 16:18:32 [main] INFO  : No active profile set, falling back to 1 default profile: "default"
2025-02-06 16:18:33 [main] INFO  : Bootstrapping Spring Data JPA repositories in DEFAULT mode.
2025-02-06 16:18:33 [main] INFO  : Finished Spring Data repository scanning in 38 ms. Found 1 JPA repository interface.
2025-02-06 16:18:35 [main] INFO  : HHH000204: Processing PersistenceUnitInfo [name: default]
2025-02-06 16:18:35 [main] INFO  : HHH000412: Hibernate ORM core version 6.4.4.Final
2025-02-06 16:18:35 [main] INFO  : HHH000026: Second-level cache disabled
2025-02-06 16:18:36 [main] INFO  : No LoadTimeWeaver setup: ignoring JPA class transformer
2025-02-06 16:18:36 [main] INFO  : HikariPool-1 - Starting...
2025-02-06 16:18:36 [main] INFO  : HikariPool-1 - Added connection com.mysql.cj.jdbc.ConnectionImpl@29a50a11
2025-02-06 16:18:36 [main] INFO  : HikariPool-1 - Start completed.
2025-02-06 16:18:37 [main] INFO  : HHH000489: No JTA platform available (set 'hibernate.transaction.jta.platform' to enable JTA platform integration)
2025-02-06 16:18:37 [main] INFO  : Initialized JPA EntityManagerFactory for persistence unit 'default'
2025-02-06 16:18:37 [main] WARN  : spring.jpa.open-in-view is enabled by default. Therefore, database queries may be performed during view rendering. Explicitly configure spring.jpa.open-in-view to disable this warning
2025-02-06 16:18:39 [main] INFO  : Initializing Spring TestDispatcherServlet ''
2025-02-06 16:18:39 [main] INFO  : Initializing Servlet ''
2025-02-06 16:18:39 [main] INFO  : Exposing 14 endpoint(s) beneath base path '/actuator'
2025-02-06 16:18:39 [main] INFO  : Completed initialization in 31 ms
2025-02-06 16:18:39 [main] INFO  : Started ProductServiceTests in 7.042 seconds (process running for 8.085)
2025-02-06 16:18:39 [SpringApplicationShutdownHook] INFO  : Closing JPA EntityManagerFactory for persistence unit 'default'
2025-02-06 16:18:39 [SpringApplicationShutdownHook] INFO  : HikariPool-1 - Shutdown initiated...
2025-02-06 16:18:39 [SpringApplicationShutdownHook] INFO  : HikariPool-1 - Shutdown completed.
2025-02-06 16:24:20 [background-preinit] INFO  : HV000001: Hibernate Validator 8.0.1.Final
2025-02-06 16:24:20 [main] INFO  : Starting ProductServiceTests using Java 17.0.10 with PID 15336 (started by pavan in C:\D_Drive\Learning\SpringBoot\VLMS_Stock_API)
2025-02-06 16:24:20 [main] DEBUG : Running with Spring Boot v3.2.3, Spring v6.1.4
2025-02-06 16:24:20 [main] INFO  : No active profile set, falling back to 1 default profile: "default"
2025-02-06 16:24:21 [main] INFO  : Bootstrapping Spring Data JPA repositories in DEFAULT mode.
2025-02-06 16:24:21 [main] INFO  : Finished Spring Data repository scanning in 55 ms. Found 1 JPA repository interface.
2025-02-06 16:24:23 [main] INFO  : HHH000204: Processing PersistenceUnitInfo [name: default]
2025-02-06 16:24:23 [main] INFO  : HHH000412: Hibernate ORM core version 6.4.4.Final
2025-02-06 16:24:23 [main] INFO  : HHH000026: Second-level cache disabled
2025-02-06 16:24:24 [main] INFO  : No LoadTimeWeaver setup: ignoring JPA class transformer
2025-02-06 16:24:24 [main] INFO  : HikariPool-1 - Starting...
2025-02-06 16:24:24 [main] INFO  : HikariPool-1 - Added connection com.mysql.cj.jdbc.ConnectionImpl@7a053795
2025-02-06 16:24:24 [main] INFO  : HikariPool-1 - Start completed.
2025-02-06 16:24:25 [main] INFO  : HHH000489: No JTA platform available (set 'hibernate.transaction.jta.platform' to enable JTA platform integration)
2025-02-06 16:24:25 [main] INFO  : Initialized JPA EntityManagerFactory for persistence unit 'default'
2025-02-06 16:24:25 [main] WARN  : spring.jpa.open-in-view is enabled by default. Therefore, database queries may be performed during view rendering. Explicitly configure spring.jpa.open-in-view to disable this warning
2025-02-06 16:24:27 [main] INFO  : Initializing Spring TestDispatcherServlet ''
2025-02-06 16:24:27 [main] INFO  : Initializing Servlet ''
2025-02-06 16:24:27 [main] INFO  : Exposing 14 endpoint(s) beneath base path '/actuator'
2025-02-06 16:24:27 [main] INFO  : Completed initialization in 32 ms
2025-02-06 16:24:27 [main] INFO  : Started ProductServiceTests in 7.052 seconds (process running for 8.079)
2025-02-06 16:24:27 [SpringApplicationShutdownHook] INFO  : Closing JPA EntityManagerFactory for persistence unit 'default'
2025-02-06 16:24:27 [SpringApplicationShutdownHook] INFO  : HikariPool-1 - Shutdown initiated...
2025-02-06 16:24:27 [SpringApplicationShutdownHook] INFO  : HikariPool-1 - Shutdown completed.
2025-02-06 16:25:22 [background-preinit] INFO  : HV000001: Hibernate Validator 8.0.1.Final
2025-02-06 16:25:22 [main] INFO  : Starting ProductServiceTests using Java 17.0.10 with PID 7500 (started by pavan in C:\D_Drive\Learning\SpringBoot\VLMS_Stock_API)
2025-02-06 16:25:22 [main] DEBUG : Running with Spring Boot v3.2.3, Spring v6.1.4
2025-02-06 16:25:22 [main] INFO  : No active profile set, falling back to 1 default profile: "default"
2025-02-06 16:25:23 [main] INFO  : Bootstrapping Spring Data JPA repositories in DEFAULT mode.
2025-02-06 16:25:23 [main] INFO  : Finished Spring Data repository scanning in 57 ms. Found 1 JPA repository interface.
2025-02-06 16:25:25 [main] INFO  : HHH000204: Processing PersistenceUnitInfo [name: default]
2025-02-06 16:25:25 [main] INFO  : HHH000412: Hibernate ORM core version 6.4.4.Final
2025-02-06 16:25:25 [main] INFO  : HHH000026: Second-level cache disabled
2025-02-06 16:25:25 [main] INFO  : No LoadTimeWeaver setup: ignoring JPA class transformer
2025-02-06 16:25:25 [main] INFO  : HikariPool-1 - Starting...
2025-02-06 16:25:25 [main] INFO  : HikariPool-1 - Added connection com.mysql.cj.jdbc.ConnectionImpl@f472245
2025-02-06 16:25:26 [main] INFO  : HikariPool-1 - Start completed.
2025-02-06 16:25:27 [main] INFO  : HHH000489: No JTA platform available (set 'hibernate.transaction.jta.platform' to enable JTA platform integration)
2025-02-06 16:25:27 [main] INFO  : Initialized JPA EntityManagerFactory for persistence unit 'default'
2025-02-06 16:25:27 [main] WARN  : spring.jpa.open-in-view is enabled by default. Therefore, database queries may be performed during view rendering. Explicitly configure spring.jpa.open-in-view to disable this warning
2025-02-06 16:25:28 [main] INFO  : Initializing Spring TestDispatcherServlet ''
2025-02-06 16:25:28 [main] INFO  : Initializing Servlet ''
2025-02-06 16:25:29 [main] INFO  : Exposing 14 endpoint(s) beneath base path '/actuator'
2025-02-06 16:25:29 [main] INFO  : Completed initialization in 35 ms
2025-02-06 16:25:29 [main] INFO  : Started ProductServiceTests in 7.185 seconds (process running for 7.998)
2025-02-06 16:25:29 [SpringApplicationShutdownHook] INFO  : Closing JPA EntityManagerFactory for persistence unit 'default'
2025-02-06 16:25:29 [SpringApplicationShutdownHook] INFO  : HikariPool-1 - Shutdown initiated...
2025-02-06 16:25:29 [SpringApplicationShutdownHook] INFO  : HikariPool-1 - Shutdown completed.
2025-02-06 16:26:17 [background-preinit] INFO  : HV000001: Hibernate Validator 8.0.1.Final
2025-02-06 16:26:17 [main] INFO  : Starting ProductServiceTests using Java 17.0.10 with PID 9880 (started by pavan in C:\D_Drive\Learning\SpringBoot\VLMS_Stock_API)
2025-02-06 16:26:17 [main] DEBUG : Running with Spring Boot v3.2.3, Spring v6.1.4
2025-02-06 16:26:17 [main] INFO  : No active profile set, falling back to 1 default profile: "default"
2025-02-06 16:26:18 [main] INFO  : Bootstrapping Spring Data JPA repositories in DEFAULT mode.
2025-02-06 16:26:18 [main] INFO  : Finished Spring Data repository scanning in 52 ms. Found 1 JPA repository interface.
2025-02-06 16:26:20 [main] INFO  : HHH000204: Processing PersistenceUnitInfo [name: default]
2025-02-06 16:26:20 [main] INFO  : HHH000412: Hibernate ORM core version 6.4.4.Final
2025-02-06 16:26:20 [main] INFO  : HHH000026: Second-level cache disabled
2025-02-06 16:26:20 [main] INFO  : No LoadTimeWeaver setup: ignoring JPA class transformer
2025-02-06 16:26:20 [main] INFO  : HikariPool-1 - Starting...
2025-02-06 16:26:21 [main] INFO  : HikariPool-1 - Added connection com.mysql.cj.jdbc.ConnectionImpl@f472245
2025-02-06 16:26:21 [main] INFO  : HikariPool-1 - Start completed.
2025-02-06 16:26:22 [main] INFO  : HHH000489: No JTA platform available (set 'hibernate.transaction.jta.platform' to enable JTA platform integration)
2025-02-06 16:26:22 [main] INFO  : Initialized JPA EntityManagerFactory for persistence unit 'default'
2025-02-06 16:26:22 [main] WARN  : spring.jpa.open-in-view is enabled by default. Therefore, database queries may be performed during view rendering. Explicitly configure spring.jpa.open-in-view to disable this warning
2025-02-06 16:26:24 [main] INFO  : Initializing Spring TestDispatcherServlet ''
2025-02-06 16:26:24 [main] INFO  : Initializing Servlet ''
2025-02-06 16:26:24 [main] INFO  : Exposing 14 endpoint(s) beneath base path '/actuator'
2025-02-06 16:26:24 [main] INFO  : Completed initialization in 35 ms
2025-02-06 16:26:24 [main] INFO  : Started ProductServiceTests in 6.995 seconds (process running for 7.85)
2025-02-06 16:26:24 [SpringApplicationShutdownHook] INFO  : Closing JPA EntityManagerFactory for persistence unit 'default'
2025-02-06 16:26:24 [SpringApplicationShutdownHook] INFO  : HikariPool-1 - Shutdown initiated...
2025-02-06 16:26:24 [SpringApplicationShutdownHook] INFO  : HikariPool-1 - Shutdown completed.
2025-02-06 16:34:39 [background-preinit] INFO  : HV000001: Hibernate Validator 8.0.1.Final
2025-02-06 16:34:39 [main] INFO  : Starting ProductServiceTests using Java 17.0.10 with PID 21924 (started by pavan in C:\D_Drive\Learning\SpringBoot\VLMS_Stock_API)
2025-02-06 16:34:39 [main] DEBUG : Running with Spring Boot v3.2.3, Spring v6.1.4
2025-02-06 16:34:39 [main] INFO  : No active profile set, falling back to 1 default profile: "default"
2025-02-06 16:34:40 [main] INFO  : Bootstrapping Spring Data JPA repositories in DEFAULT mode.
2025-02-06 16:34:40 [main] INFO  : Finished Spring Data repository scanning in 44 ms. Found 1 JPA repository interface.
2025-02-06 16:34:42 [main] INFO  : HHH000204: Processing PersistenceUnitInfo [name: default]
2025-02-06 16:34:42 [main] INFO  : HHH000412: Hibernate ORM core version 6.4.4.Final
2025-02-06 16:34:42 [main] INFO  : HHH000026: Second-level cache disabled
2025-02-06 16:34:42 [main] INFO  : No LoadTimeWeaver setup: ignoring JPA class transformer
2025-02-06 16:34:42 [main] INFO  : HikariPool-1 - Starting...
2025-02-06 16:34:43 [main] INFO  : HikariPool-1 - Added connection com.mysql.cj.jdbc.ConnectionImpl@75ef1392
2025-02-06 16:34:43 [main] INFO  : HikariPool-1 - Start completed.
2025-02-06 16:34:44 [main] INFO  : HHH000489: No JTA platform available (set 'hibernate.transaction.jta.platform' to enable JTA platform integration)
2025-02-06 16:34:44 [main] INFO  : Initialized JPA EntityManagerFactory for persistence unit 'default'
2025-02-06 16:34:44 [main] WARN  : spring.jpa.open-in-view is enabled by default. Therefore, database queries may be performed during view rendering. Explicitly configure spring.jpa.open-in-view to disable this warning
2025-02-06 16:34:46 [main] INFO  : Initializing Spring TestDispatcherServlet ''
2025-02-06 16:34:46 [main] INFO  : Initializing Servlet ''
2025-02-06 16:34:46 [main] INFO  : Exposing 14 endpoint(s) beneath base path '/actuator'
2025-02-06 16:34:46 [main] INFO  : Completed initialization in 30 ms
2025-02-06 16:34:46 [main] INFO  : Started ProductServiceTests in 7.067 seconds (process running for 8.008)
2025-02-06 16:34:46 [SpringApplicationShutdownHook] INFO  : Closing JPA EntityManagerFactory for persistence unit 'default'
2025-02-06 16:34:46 [SpringApplicationShutdownHook] INFO  : HikariPool-1 - Shutdown initiated...
2025-02-06 16:34:46 [SpringApplicationShutdownHook] INFO  : HikariPool-1 - Shutdown completed.
2025-02-06 16:35:09 [background-preinit] INFO  : HV000001: Hibernate Validator 8.0.1.Final
2025-02-06 16:35:09 [main] INFO  : Starting ProductServiceTests using Java 17.0.10 with PID 21100 (started by pavan in C:\D_Drive\Learning\SpringBoot\VLMS_Stock_API)
2025-02-06 16:35:09 [main] DEBUG : Running with Spring Boot v3.2.3, Spring v6.1.4
2025-02-06 16:35:09 [main] INFO  : No active profile set, falling back to 1 default profile: "default"
2025-02-06 16:35:10 [main] INFO  : Bootstrapping Spring Data JPA repositories in DEFAULT mode.
2025-02-06 16:35:10 [main] INFO  : Finished Spring Data repository scanning in 54 ms. Found 1 JPA repository interface.
2025-02-06 16:35:12 [main] INFO  : HHH000204: Processing PersistenceUnitInfo [name: default]
2025-02-06 16:35:12 [main] INFO  : HHH000412: Hibernate ORM core version 6.4.4.Final
2025-02-06 16:35:12 [main] INFO  : HHH000026: Second-level cache disabled
2025-02-06 16:35:12 [main] INFO  : No LoadTimeWeaver setup: ignoring JPA class transformer
2025-02-06 16:35:12 [main] INFO  : HikariPool-1 - Starting...
2025-02-06 16:35:12 [main] INFO  : HikariPool-1 - Added connection com.mysql.cj.jdbc.ConnectionImpl@6bdad3bb
2025-02-06 16:35:12 [main] INFO  : HikariPool-1 - Start completed.
2025-02-06 16:35:13 [main] INFO  : HHH000489: No JTA platform available (set 'hibernate.transaction.jta.platform' to enable JTA platform integration)
2025-02-06 16:35:13 [main] INFO  : Initialized JPA EntityManagerFactory for persistence unit 'default'
2025-02-06 16:35:14 [main] WARN  : spring.jpa.open-in-view is enabled by default. Therefore, database queries may be performed during view rendering. Explicitly configure spring.jpa.open-in-view to disable this warning
2025-02-06 16:35:15 [main] INFO  : Initializing Spring TestDispatcherServlet ''
2025-02-06 16:35:15 [main] INFO  : Initializing Servlet ''
2025-02-06 16:35:15 [main] INFO  : Exposing 14 endpoint(s) beneath base path '/actuator'
2025-02-06 16:35:15 [main] INFO  : Completed initialization in 34 ms
2025-02-06 16:35:15 [main] INFO  : Started ProductServiceTests in 7.065 seconds (process running for 8.037)
2025-02-06 16:35:16 [SpringApplicationShutdownHook] INFO  : Closing JPA EntityManagerFactory for persistence unit 'default'
2025-02-06 16:35:16 [SpringApplicationShutdownHook] INFO  : HikariPool-1 - Shutdown initiated...
2025-02-06 16:35:16 [SpringApplicationShutdownHook] INFO  : HikariPool-1 - Shutdown completed.
