2025-02-05 19:30:23 [background-preinit] INFO  : HV000001: Hibernate Validator 8.0.1.Final
2025-02-05 19:30:23 [main] INFO  : Starting VLMSStockApiApplication using Java 17.0.10 with PID 10996 (C:\D_Drive\Learning\SpringBoot\VLMS_Stock_API\target\classes started by pavan in C:\D_Drive\Learning\SpringBoot\VLMS_Stock_API)
2025-02-05 19:30:23 [main] DEBUG : Running with Spring Boot v3.2.3, Spring v6.1.4
2025-02-05 19:30:23 [main] INFO  : No active profile set, falling back to 1 default profile: "default"
2025-02-05 19:30:24 [main] INFO  : Bootstrapping Spring Data JPA repositories in DEFAULT mode.
2025-02-05 19:30:24 [main] INFO  : Finished Spring Data repository scanning in 59 ms. Found 1 JPA repository interface.
2025-02-05 19:30:25 [main] INFO  : Tomcat initialized with port 8080 (http)
2025-02-05 19:30:25 [main] INFO  : Initializing ProtocolHandler ["http-nio-8080"]
2025-02-05 19:30:25 [main] INFO  : Starting service [Tomcat]
2025-02-05 19:30:25 [main] INFO  : Starting Servlet engine: [Apache Tomcat/10.1.19]
2025-02-05 19:30:26 [main] INFO  : Initializing Spring embedded WebApplicationContext
2025-02-05 19:30:26 [main] INFO  : Root WebApplicationContext: initialization completed in 2569 ms
2025-02-05 19:30:26 [main] INFO  : HHH000204: Processing PersistenceUnitInfo [name: default]
2025-02-05 19:30:26 [main] INFO  : HHH000412: Hibernate ORM core version 6.4.4.Final
2025-02-05 19:30:26 [main] INFO  : HHH000026: Second-level cache disabled
2025-02-05 19:30:27 [main] INFO  : No LoadTimeWeaver setup: ignoring JPA class transformer
2025-02-05 19:30:27 [main] INFO  : HikariPool-1 - Starting...
2025-02-05 19:30:27 [main] INFO  : HikariPool-1 - Added connection com.mysql.cj.jdbc.ConnectionImpl@4fd92289
2025-02-05 19:30:27 [main] INFO  : HikariPool-1 - Start completed.
2025-02-05 19:30:28 [main] INFO  : HHH000489: No JTA platform available (set 'hibernate.transaction.jta.platform' to enable JTA platform integration)
2025-02-05 19:30:28 [main] INFO  : Initialized JPA EntityManagerFactory for persistence unit 'default'
2025-02-05 19:30:29 [main] WARN  : spring.jpa.open-in-view is enabled by default. Therefore, database queries may be performed during view rendering. Explicitly configure spring.jpa.open-in-view to disable this warning
2025-02-05 19:30:30 [main] INFO  : Exposing 14 endpoint(s) beneath base path '/actuator'
2025-02-05 19:30:30 [main] INFO  : Starting ProtocolHandler ["http-nio-8080"]
2025-02-05 19:30:31 [main] INFO  : Tomcat started on port 8080 (http) with context path ''
2025-02-05 19:30:31 [main] INFO  : Started VLMSStockApiApplication in 8.181 seconds (process running for 8.695)
2025-02-05 19:30:42 [http-nio-8080-exec-1] INFO  : Initializing Spring DispatcherServlet 'dispatcherServlet'
2025-02-05 19:30:42 [http-nio-8080-exec-1] INFO  : Initializing Servlet 'dispatcherServlet'
2025-02-05 19:30:42 [http-nio-8080-exec-1] INFO  : Completed initialization in 6 ms
2025-02-05 19:30:42 [http-nio-8080-exec-1] INFO  : Start getAllProducts
2025-02-05 19:30:42 [http-nio-8080-exec-1] DEBUG : Start getAllProducts debug
2025-02-05 19:30:42 [http-nio-8080-exec-1] TRACE : Start getAllProducts trace
2025-02-05 20:37:04 [SpringApplicationShutdownHook] INFO  : Closing JPA EntityManagerFactory for persistence unit 'default'
2025-02-05 20:37:04 [SpringApplicationShutdownHook] INFO  : HikariPool-1 - Shutdown initiated...
2025-02-05 20:37:04 [SpringApplicationShutdownHook] INFO  : HikariPool-1 - Shutdown completed.
2025-02-05 20:37:22 [background-preinit] INFO  : HV000001: Hibernate Validator 8.0.1.Final
2025-02-05 20:37:22 [main] INFO  : Starting VLMSStockApiApplication using Java 17.0.10 with PID 9964 (C:\D_Drive\Learning\SpringBoot\VLMS_Stock_API\target\classes started by pavan in C:\D_Drive\Learning\SpringBoot\VLMS_Stock_API)
2025-02-05 20:37:22 [main] DEBUG : Running with Spring Boot v3.2.3, Spring v6.1.4
2025-02-05 20:37:22 [main] INFO  : No active profile set, falling back to 1 default profile: "default"
2025-02-05 20:37:23 [main] INFO  : Bootstrapping Spring Data JPA repositories in DEFAULT mode.
2025-02-05 20:37:23 [main] INFO  : Finished Spring Data repository scanning in 57 ms. Found 1 JPA repository interface.
2025-02-05 20:37:24 [main] INFO  : Tomcat initialized with port 8080 (http)
2025-02-05 20:37:24 [main] INFO  : Initializing ProtocolHandler ["http-nio-8080"]
2025-02-05 20:37:24 [main] INFO  : Starting service [Tomcat]
2025-02-05 20:37:24 [main] INFO  : Starting Servlet engine: [Apache Tomcat/10.1.19]
2025-02-05 20:37:24 [main] INFO  : Initializing Spring embedded WebApplicationContext
2025-02-05 20:37:24 [main] INFO  : Root WebApplicationContext: initialization completed in 2158 ms
2025-02-05 20:37:24 [main] INFO  : HHH000204: Processing PersistenceUnitInfo [name: default]
2025-02-05 20:37:24 [main] INFO  : HHH000412: Hibernate ORM core version 6.4.4.Final
2025-02-05 20:37:24 [main] INFO  : HHH000026: Second-level cache disabled
2025-02-05 20:37:25 [main] INFO  : No LoadTimeWeaver setup: ignoring JPA class transformer
2025-02-05 20:37:25 [main] INFO  : HikariPool-1 - Starting...
2025-02-05 20:37:25 [main] INFO  : HikariPool-1 - Added connection com.mysql.cj.jdbc.ConnectionImpl@1ad1f167
2025-02-05 20:37:25 [main] INFO  : HikariPool-1 - Start completed.
2025-02-05 20:37:26 [main] INFO  : HHH000489: No JTA platform available (set 'hibernate.transaction.jta.platform' to enable JTA platform integration)
2025-02-05 20:37:26 [main] INFO  : Initialized JPA EntityManagerFactory for persistence unit 'default'
2025-02-05 20:37:26 [main] WARN  : Exception encountered during context initialization - cancelling refresh attempt: org.springframework.beans.factory.UnsatisfiedDependencyException: Error creating bean with name 'productController': Unsatisfied dependency expressed through field 'productService': Error creating bean with name 'productServiceImpl': Unsatisfied dependency expressed through field 'productRepository': Error creating bean with name 'productRepository' defined in com.vlms.stock.repository.ProductRepository defined in @EnableJpaRepositories declared on JpaRepositoriesRegistrar.EnableJpaRepositoriesConfiguration: Could not create query for public abstract com.vlms.stock.entities.Product com.vlms.stock.repository.ProductRepository.findByProductId(java.lang.Long); Reason: Failed to create query for method public abstract com.vlms.stock.entities.Product com.vlms.stock.repository.ProductRepository.findByProductId(java.lang.Long); No property 'productId' found for type 'Product'
2025-02-05 20:37:26 [main] INFO  : Closing JPA EntityManagerFactory for persistence unit 'default'
2025-02-05 20:37:26 [main] INFO  : HikariPool-1 - Shutdown initiated...
2025-02-05 20:37:26 [main] INFO  : HikariPool-1 - Shutdown completed.
2025-02-05 20:37:26 [main] INFO  : Stopping service [Tomcat]
2025-02-05 20:37:26 [main] INFO  : 

Error starting ApplicationContext. To display the condition evaluation report re-run your application with 'debug' enabled.
2025-02-05 20:37:26 [main] ERROR : Application run failed
org.springframework.beans.factory.UnsatisfiedDependencyException: Error creating bean with name 'productController': Unsatisfied dependency expressed through field 'productService': Error creating bean with name 'productServiceImpl': Unsatisfied dependency expressed through field 'productRepository': Error creating bean with name 'productRepository' defined in com.vlms.stock.repository.ProductRepository defined in @EnableJpaRepositories declared on JpaRepositoriesRegistrar.EnableJpaRepositoriesConfiguration: Could not create query for public abstract com.vlms.stock.entities.Product com.vlms.stock.repository.ProductRepository.findByProductId(java.lang.Long); Reason: Failed to create query for method public abstract com.vlms.stock.entities.Product com.vlms.stock.repository.ProductRepository.findByProductId(java.lang.Long); No property 'productId' found for type 'Product'
	at org.springframework.beans.factory.annotation.AutowiredAnnotationBeanPostProcessor$AutowiredFieldElement.resolveFieldValue(AutowiredAnnotationBeanPostProcessor.java:787)
	at org.springframework.beans.factory.annotation.AutowiredAnnotationBeanPostProcessor$AutowiredFieldElement.inject(AutowiredAnnotationBeanPostProcessor.java:767)
	at org.springframework.beans.factory.annotation.InjectionMetadata.inject(InjectionMetadata.java:145)
	at org.springframework.beans.factory.annotation.AutowiredAnnotationBeanPostProcessor.postProcessProperties(AutowiredAnnotationBeanPostProcessor.java:508)
	at org.springframework.beans.factory.support.AbstractAutowireCapableBeanFactory.populateBean(AbstractAutowireCapableBeanFactory.java:1419)
	at org.springframework.beans.factory.support.AbstractAutowireCapableBeanFactory.doCreateBean(AbstractAutowireCapableBeanFactory.java:599)
	at org.springframework.beans.factory.support.AbstractAutowireCapableBeanFactory.createBean(AbstractAutowireCapableBeanFactory.java:522)
	at org.springframework.beans.factory.support.AbstractBeanFactory.lambda$doGetBean$0(AbstractBeanFactory.java:325)
	at org.springframework.beans.factory.support.DefaultSingletonBeanRegistry.getSingleton(DefaultSingletonBeanRegistry.java:234)
	at org.springframework.beans.factory.support.AbstractBeanFactory.doGetBean(AbstractBeanFactory.java:323)
	at org.springframework.beans.factory.support.AbstractBeanFactory.getBean(AbstractBeanFactory.java:199)
	at org.springframework.beans.factory.support.DefaultListableBeanFactory.preInstantiateSingletons(DefaultListableBeanFactory.java:975)
	at org.springframework.context.support.AbstractApplicationContext.finishBeanFactoryInitialization(AbstractApplicationContext.java:959)
	at org.springframework.context.support.AbstractApplicationContext.refresh(AbstractApplicationContext.java:624)
	at org.springframework.boot.web.servlet.context.ServletWebServerApplicationContext.refresh(ServletWebServerApplicationContext.java:146)
	at org.springframework.boot.SpringApplication.refresh(SpringApplication.java:754)
	at org.springframework.boot.SpringApplication.refreshContext(SpringApplication.java:456)
	at org.springframework.boot.SpringApplication.run(SpringApplication.java:334)
	at org.springframework.boot.SpringApplication.run(SpringApplication.java:1354)
	at org.springframework.boot.SpringApplication.run(SpringApplication.java:1343)
	at com.vlms.stock.VLMSStockApiApplication.main(VLMSStockApiApplication.java:13)
Caused by: org.springframework.beans.factory.UnsatisfiedDependencyException: Error creating bean with name 'productServiceImpl': Unsatisfied dependency expressed through field 'productRepository': Error creating bean with name 'productRepository' defined in com.vlms.stock.repository.ProductRepository defined in @EnableJpaRepositories declared on JpaRepositoriesRegistrar.EnableJpaRepositoriesConfiguration: Could not create query for public abstract com.vlms.stock.entities.Product com.vlms.stock.repository.ProductRepository.findByProductId(java.lang.Long); Reason: Failed to create query for method public abstract com.vlms.stock.entities.Product com.vlms.stock.repository.ProductRepository.findByProductId(java.lang.Long); No property 'productId' found for type 'Product'
	at org.springframework.beans.factory.annotation.AutowiredAnnotationBeanPostProcessor$AutowiredFieldElement.resolveFieldValue(AutowiredAnnotationBeanPostProcessor.java:787)
	at org.springframework.beans.factory.annotation.AutowiredAnnotationBeanPostProcessor$AutowiredFieldElement.inject(AutowiredAnnotationBeanPostProcessor.java:767)
	at org.springframework.beans.factory.annotation.InjectionMetadata.inject(InjectionMetadata.java:145)
	at org.springframework.beans.factory.annotation.AutowiredAnnotationBeanPostProcessor.postProcessProperties(AutowiredAnnotationBeanPostProcessor.java:508)
	at org.springframework.beans.factory.support.AbstractAutowireCapableBeanFactory.populateBean(AbstractAutowireCapableBeanFactory.java:1419)
	at org.springframework.beans.factory.support.AbstractAutowireCapableBeanFactory.doCreateBean(AbstractAutowireCapableBeanFactory.java:599)
	at org.springframework.beans.factory.support.AbstractAutowireCapableBeanFactory.createBean(AbstractAutowireCapableBeanFactory.java:522)
	at org.springframework.beans.factory.support.AbstractBeanFactory.lambda$doGetBean$0(AbstractBeanFactory.java:325)
	at org.springframework.beans.factory.support.DefaultSingletonBeanRegistry.getSingleton(DefaultSingletonBeanRegistry.java:234)
	at org.springframework.beans.factory.support.AbstractBeanFactory.doGetBean(AbstractBeanFactory.java:323)
	at org.springframework.beans.factory.support.AbstractBeanFactory.getBean(AbstractBeanFactory.java:199)
	at org.springframework.beans.factory.config.DependencyDescriptor.resolveCandidate(DependencyDescriptor.java:254)
	at org.springframework.beans.factory.support.DefaultListableBeanFactory.doResolveDependency(DefaultListableBeanFactory.java:1443)
	at org.springframework.beans.factory.support.DefaultListableBeanFactory.resolveDependency(DefaultListableBeanFactory.java:1353)
	at org.springframework.beans.factory.annotation.AutowiredAnnotationBeanPostProcessor$AutowiredFieldElement.resolveFieldValue(AutowiredAnnotationBeanPostProcessor.java:784)
	... 20 common frames omitted
Caused by: org.springframework.beans.factory.BeanCreationException: Error creating bean with name 'productRepository' defined in com.vlms.stock.repository.ProductRepository defined in @EnableJpaRepositories declared on JpaRepositoriesRegistrar.EnableJpaRepositoriesConfiguration: Could not create query for public abstract com.vlms.stock.entities.Product com.vlms.stock.repository.ProductRepository.findByProductId(java.lang.Long); Reason: Failed to create query for method public abstract com.vlms.stock.entities.Product com.vlms.stock.repository.ProductRepository.findByProductId(java.lang.Long); No property 'productId' found for type 'Product'
	at org.springframework.beans.factory.support.AbstractAutowireCapableBeanFactory.initializeBean(AbstractAutowireCapableBeanFactory.java:1786)
	at org.springframework.beans.factory.support.AbstractAutowireCapableBeanFactory.doCreateBean(AbstractAutowireCapableBeanFactory.java:600)
	at org.springframework.beans.factory.support.AbstractAutowireCapableBeanFactory.createBean(AbstractAutowireCapableBeanFactory.java:522)
	at org.springframework.beans.factory.support.AbstractBeanFactory.lambda$doGetBean$0(AbstractBeanFactory.java:325)
	at org.springframework.beans.factory.support.DefaultSingletonBeanRegistry.getSingleton(DefaultSingletonBeanRegistry.java:234)
	at org.springframework.beans.factory.support.AbstractBeanFactory.doGetBean(AbstractBeanFactory.java:323)
	at org.springframework.beans.factory.support.AbstractBeanFactory.getBean(AbstractBeanFactory.java:199)
	at org.springframework.beans.factory.config.DependencyDescriptor.resolveCandidate(DependencyDescriptor.java:254)
	at org.springframework.beans.factory.support.DefaultListableBeanFactory.doResolveDependency(DefaultListableBeanFactory.java:1443)
	at org.springframework.beans.factory.support.DefaultListableBeanFactory.resolveDependency(DefaultListableBeanFactory.java:1353)
	at org.springframework.beans.factory.annotation.AutowiredAnnotationBeanPostProcessor$AutowiredFieldElement.resolveFieldValue(AutowiredAnnotationBeanPostProcessor.java:784)
	... 34 common frames omitted
Caused by: org.springframework.data.repository.query.QueryCreationException: Could not create query for public abstract com.vlms.stock.entities.Product com.vlms.stock.repository.ProductRepository.findByProductId(java.lang.Long); Reason: Failed to create query for method public abstract com.vlms.stock.entities.Product com.vlms.stock.repository.ProductRepository.findByProductId(java.lang.Long); No property 'productId' found for type 'Product'
	at org.springframework.data.repository.query.QueryCreationException.create(QueryCreationException.java:101)
	at org.springframework.data.repository.core.support.QueryExecutorMethodInterceptor.lookupQuery(QueryExecutorMethodInterceptor.java:115)
	at org.springframework.data.repository.core.support.QueryExecutorMethodInterceptor.mapMethodsToQuery(QueryExecutorMethodInterceptor.java:99)
	at org.springframework.data.repository.core.support.QueryExecutorMethodInterceptor.lambda$new$0(QueryExecutorMethodInterceptor.java:88)
	at java.base/java.util.Optional.map(Optional.java:260)
	at org.springframework.data.repository.core.support.QueryExecutorMethodInterceptor.<init>(QueryExecutorMethodInterceptor.java:88)
	at org.springframework.data.repository.core.support.RepositoryFactorySupport.getRepository(RepositoryFactorySupport.java:357)
	at org.springframework.data.repository.core.support.RepositoryFactoryBeanSupport.lambda$afterPropertiesSet$5(RepositoryFactoryBeanSupport.java:279)
	at org.springframework.data.util.Lazy.getNullable(Lazy.java:135)
	at org.springframework.data.util.Lazy.get(Lazy.java:113)
	at org.springframework.data.repository.core.support.RepositoryFactoryBeanSupport.afterPropertiesSet(RepositoryFactoryBeanSupport.java:285)
	at org.springframework.data.jpa.repository.support.JpaRepositoryFactoryBean.afterPropertiesSet(JpaRepositoryFactoryBean.java:132)
	at org.springframework.beans.factory.support.AbstractAutowireCapableBeanFactory.invokeInitMethods(AbstractAutowireCapableBeanFactory.java:1833)
	at org.springframework.beans.factory.support.AbstractAutowireCapableBeanFactory.initializeBean(AbstractAutowireCapableBeanFactory.java:1782)
	... 44 common frames omitted
Caused by: java.lang.IllegalArgumentException: Failed to create query for method public abstract com.vlms.stock.entities.Product com.vlms.stock.repository.ProductRepository.findByProductId(java.lang.Long); No property 'productId' found for type 'Product'
	at org.springframework.data.jpa.repository.query.PartTreeJpaQuery.<init>(PartTreeJpaQuery.java:106)
	at org.springframework.data.jpa.repository.query.JpaQueryLookupStrategy$CreateQueryLookupStrategy.resolveQuery(JpaQueryLookupStrategy.java:124)
	at org.springframework.data.jpa.repository.query.JpaQueryLookupStrategy$CreateIfNotFoundQueryLookupStrategy.resolveQuery(JpaQueryLookupStrategy.java:258)
	at org.springframework.data.jpa.repository.query.JpaQueryLookupStrategy$AbstractQueryLookupStrategy.resolveQuery(JpaQueryLookupStrategy.java:95)
	at org.springframework.data.repository.core.support.QueryExecutorMethodInterceptor.lookupQuery(QueryExecutorMethodInterceptor.java:111)
	... 56 common frames omitted
Caused by: org.springframework.data.mapping.PropertyReferenceException: No property 'productId' found for type 'Product'
	at org.springframework.data.mapping.PropertyPath.<init>(PropertyPath.java:90)
	at org.springframework.data.mapping.PropertyPath.create(PropertyPath.java:443)
	at org.springframework.data.mapping.PropertyPath.create(PropertyPath.java:419)
	at org.springframework.data.mapping.PropertyPath.lambda$from$0(PropertyPath.java:372)
	at java.base/java.util.concurrent.ConcurrentMap.computeIfAbsent(ConcurrentMap.java:330)
	at org.springframework.data.mapping.PropertyPath.from(PropertyPath.java:354)
	at org.springframework.data.mapping.PropertyPath.from(PropertyPath.java:332)
	at org.springframework.data.repository.query.parser.Part.<init>(Part.java:81)
	at org.springframework.data.repository.query.parser.PartTree$OrPart.lambda$new$0(PartTree.java:259)
	at java.base/java.util.stream.ReferencePipeline$3$1.accept(ReferencePipeline.java:197)
	at java.base/java.util.stream.ReferencePipeline$2$1.accept(ReferencePipeline.java:179)
	at java.base/java.util.Spliterators$ArraySpliterator.forEachRemaining(Spliterators.java:992)
	at java.base/java.util.stream.AbstractPipeline.copyInto(AbstractPipeline.java:509)
	at java.base/java.util.stream.AbstractPipeline.wrapAndCopyInto(AbstractPipeline.java:499)
	at java.base/java.util.stream.ReduceOps$ReduceOp.evaluateSequential(ReduceOps.java:921)
	at java.base/java.util.stream.AbstractPipeline.evaluate(AbstractPipeline.java:234)
	at java.base/java.util.stream.ReferencePipeline.collect(ReferencePipeline.java:682)
	at org.springframework.data.repository.query.parser.PartTree$OrPart.<init>(PartTree.java:260)
	at org.springframework.data.repository.query.parser.PartTree$Predicate.lambda$new$0(PartTree.java:389)
	at java.base/java.util.stream.ReferencePipeline$3$1.accept(ReferencePipeline.java:197)
	at java.base/java.util.stream.ReferencePipeline$2$1.accept(ReferencePipeline.java:179)
	at java.base/java.util.Spliterators$ArraySpliterator.forEachRemaining(Spliterators.java:992)
	at java.base/java.util.stream.AbstractPipeline.copyInto(AbstractPipeline.java:509)
	at java.base/java.util.stream.AbstractPipeline.wrapAndCopyInto(AbstractPipeline.java:499)
	at java.base/java.util.stream.ReduceOps$ReduceOp.evaluateSequential(ReduceOps.java:921)
	at java.base/java.util.stream.AbstractPipeline.evaluate(AbstractPipeline.java:234)
	at java.base/java.util.stream.ReferencePipeline.collect(ReferencePipeline.java:682)
	at org.springframework.data.repository.query.parser.PartTree$Predicate.<init>(PartTree.java:390)
	at org.springframework.data.repository.query.parser.PartTree.<init>(PartTree.java:103)
	at org.springframework.data.jpa.repository.query.PartTreeJpaQuery.<init>(PartTreeJpaQuery.java:100)
	... 60 common frames omitted
2025-02-05 20:39:16 [background-preinit] INFO  : HV000001: Hibernate Validator 8.0.1.Final
2025-02-05 20:39:16 [main] INFO  : Starting VLMSStockApiApplication using Java 17.0.10 with PID 13036 (C:\D_Drive\Learning\SpringBoot\VLMS_Stock_API\target\classes started by pavan in C:\D_Drive\Learning\SpringBoot\VLMS_Stock_API)
2025-02-05 20:39:16 [main] DEBUG : Running with Spring Boot v3.2.3, Spring v6.1.4
2025-02-05 20:39:16 [main] INFO  : No active profile set, falling back to 1 default profile: "default"
2025-02-05 20:39:17 [main] INFO  : Bootstrapping Spring Data JPA repositories in DEFAULT mode.
2025-02-05 20:39:17 [main] INFO  : Finished Spring Data repository scanning in 55 ms. Found 1 JPA repository interface.
2025-02-05 20:39:18 [main] INFO  : Tomcat initialized with port 8080 (http)
2025-02-05 20:39:18 [main] INFO  : Initializing ProtocolHandler ["http-nio-8080"]
2025-02-05 20:39:18 [main] INFO  : Starting service [Tomcat]
2025-02-05 20:39:18 [main] INFO  : Starting Servlet engine: [Apache Tomcat/10.1.19]
2025-02-05 20:39:18 [main] INFO  : Initializing Spring embedded WebApplicationContext
2025-02-05 20:39:18 [main] INFO  : Root WebApplicationContext: initialization completed in 2104 ms
2025-02-05 20:39:18 [main] INFO  : HHH000204: Processing PersistenceUnitInfo [name: default]
2025-02-05 20:39:18 [main] INFO  : HHH000412: Hibernate ORM core version 6.4.4.Final
2025-02-05 20:39:18 [main] INFO  : HHH000026: Second-level cache disabled
2025-02-05 20:39:19 [main] INFO  : No LoadTimeWeaver setup: ignoring JPA class transformer
2025-02-05 20:39:19 [main] INFO  : HikariPool-1 - Starting...
2025-02-05 20:39:19 [main] INFO  : HikariPool-1 - Added connection com.mysql.cj.jdbc.ConnectionImpl@5badeda0
2025-02-05 20:39:19 [main] INFO  : HikariPool-1 - Start completed.
2025-02-05 20:39:20 [main] INFO  : HHH000489: No JTA platform available (set 'hibernate.transaction.jta.platform' to enable JTA platform integration)
2025-02-05 20:39:20 [main] INFO  : Initialized JPA EntityManagerFactory for persistence unit 'default'
2025-02-05 20:39:21 [main] WARN  : spring.jpa.open-in-view is enabled by default. Therefore, database queries may be performed during view rendering. Explicitly configure spring.jpa.open-in-view to disable this warning
2025-02-05 20:39:22 [main] INFO  : Exposing 14 endpoint(s) beneath base path '/actuator'
2025-02-05 20:39:22 [main] INFO  : Starting ProtocolHandler ["http-nio-8080"]
2025-02-05 20:39:22 [main] INFO  : Tomcat started on port 8080 (http) with context path ''
2025-02-05 20:39:22 [main] INFO  : Started VLMSStockApiApplication in 6.424 seconds (process running for 6.828)
2025-02-05 20:39:25 [http-nio-8080-exec-1] INFO  : Initializing Spring DispatcherServlet 'dispatcherServlet'
2025-02-05 20:39:25 [http-nio-8080-exec-1] INFO  : Initializing Servlet 'dispatcherServlet'
2025-02-05 20:39:25 [http-nio-8080-exec-1] INFO  : Completed initialization in 1 ms
2025-02-05 20:39:25 [http-nio-8080-exec-1] INFO  : Start getAllProducts
2025-02-05 20:39:25 [http-nio-8080-exec-1] DEBUG : Start getAllProducts debug
2025-02-05 20:39:25 [http-nio-8080-exec-1] TRACE : Start getAllProducts trace
2025-02-05 20:39:26 [http-nio-8080-exec-3] INFO  : Start getAllProducts
2025-02-05 20:39:26 [http-nio-8080-exec-3] DEBUG : Start getAllProducts debug
2025-02-05 20:39:26 [http-nio-8080-exec-3] TRACE : Start getAllProducts trace
2025-02-05 20:39:28 [http-nio-8080-exec-5] INFO  : Start getAllProducts
2025-02-05 20:39:28 [http-nio-8080-exec-5] DEBUG : Start getAllProducts debug
2025-02-05 20:39:28 [http-nio-8080-exec-5] TRACE : Start getAllProducts trace
2025-02-05 20:39:29 [http-nio-8080-exec-4] INFO  : Start getAllProducts
2025-02-05 20:39:29 [http-nio-8080-exec-4] DEBUG : Start getAllProducts debug
2025-02-05 20:39:29 [http-nio-8080-exec-4] TRACE : Start getAllProducts trace
2025-02-05 20:39:30 [http-nio-8080-exec-6] INFO  : Start getAllProducts
2025-02-05 20:39:30 [http-nio-8080-exec-6] DEBUG : Start getAllProducts debug
2025-02-05 20:39:30 [http-nio-8080-exec-6] TRACE : Start getAllProducts trace
2025-02-05 20:51:22 [SpringApplicationShutdownHook] INFO  : Closing JPA EntityManagerFactory for persistence unit 'default'
2025-02-05 20:51:22 [SpringApplicationShutdownHook] INFO  : HikariPool-1 - Shutdown initiated...
2025-02-05 20:51:22 [SpringApplicationShutdownHook] INFO  : HikariPool-1 - Shutdown completed.
2025-02-05 20:51:26 [background-preinit] INFO  : HV000001: Hibernate Validator 8.0.1.Final
2025-02-05 20:51:26 [main] INFO  : Starting VLMSStockApiApplication using Java 17.0.10 with PID 18236 (C:\D_Drive\Learning\SpringBoot\VLMS_Stock_API\target\classes started by pavan in C:\D_Drive\Learning\SpringBoot\VLMS_Stock_API)
2025-02-05 20:51:26 [main] DEBUG : Running with Spring Boot v3.2.3, Spring v6.1.4
2025-02-05 20:51:26 [main] INFO  : No active profile set, falling back to 1 default profile: "default"
2025-02-05 20:51:27 [main] INFO  : Bootstrapping Spring Data JPA repositories in DEFAULT mode.
2025-02-05 20:51:27 [main] INFO  : Finished Spring Data repository scanning in 55 ms. Found 1 JPA repository interface.
2025-02-05 20:51:28 [main] INFO  : Tomcat initialized with port 8080 (http)
2025-02-05 20:51:28 [main] INFO  : Initializing ProtocolHandler ["http-nio-8080"]
2025-02-05 20:51:28 [main] INFO  : Starting service [Tomcat]
2025-02-05 20:51:28 [main] INFO  : Starting Servlet engine: [Apache Tomcat/10.1.19]
2025-02-05 20:51:28 [main] INFO  : Initializing Spring embedded WebApplicationContext
2025-02-05 20:51:28 [main] INFO  : Root WebApplicationContext: initialization completed in 2103 ms
2025-02-05 20:51:28 [main] INFO  : HHH000204: Processing PersistenceUnitInfo [name: default]
2025-02-05 20:51:28 [main] INFO  : HHH000412: Hibernate ORM core version 6.4.4.Final
2025-02-05 20:51:28 [main] INFO  : HHH000026: Second-level cache disabled
2025-02-05 20:51:29 [main] INFO  : No LoadTimeWeaver setup: ignoring JPA class transformer
2025-02-05 20:51:29 [main] INFO  : HikariPool-1 - Starting...
2025-02-05 20:51:29 [main] INFO  : HikariPool-1 - Added connection com.mysql.cj.jdbc.ConnectionImpl@2aac6fa7
2025-02-05 20:51:29 [main] INFO  : HikariPool-1 - Start completed.
2025-02-05 20:51:30 [main] INFO  : HHH000489: No JTA platform available (set 'hibernate.transaction.jta.platform' to enable JTA platform integration)
2025-02-05 20:51:30 [main] INFO  : Initialized JPA EntityManagerFactory for persistence unit 'default'
2025-02-05 20:51:30 [main] WARN  : spring.jpa.open-in-view is enabled by default. Therefore, database queries may be performed during view rendering. Explicitly configure spring.jpa.open-in-view to disable this warning
2025-02-05 20:51:32 [main] INFO  : Exposing 14 endpoint(s) beneath base path '/actuator'
2025-02-05 20:51:32 [main] INFO  : Starting ProtocolHandler ["http-nio-8080"]
2025-02-05 20:51:32 [main] INFO  : Tomcat started on port 8080 (http) with context path ''
2025-02-05 20:51:32 [main] INFO  : Started VLMSStockApiApplication in 6.471 seconds (process running for 6.898)
2025-02-05 20:52:19 [SpringApplicationShutdownHook] INFO  : Closing JPA EntityManagerFactory for persistence unit 'default'
2025-02-05 20:52:19 [SpringApplicationShutdownHook] INFO  : HikariPool-1 - Shutdown initiated...
2025-02-05 20:52:19 [SpringApplicationShutdownHook] INFO  : HikariPool-1 - Shutdown completed.
