2025-01-31 16:01:15 [background-preinit] INFO  : HV000001: Hibernate Validator 8.0.1.Final
2025-01-31 16:01:15 [main] INFO  : Starting VLMSStockApiApplication using Java 17.0.10 with PID 34988 (C:\D_Drive\Learning\SpringBoot\VLMS_Stock_API\target\classes started by pavan in C:\D_Drive\Learning\SpringBoot\VLMS_Stock_API)
2025-01-31 16:01:15 [main] DEBUG : Running with Spring Boot v3.2.3, Spring v6.1.4
2025-01-31 16:01:15 [main] INFO  : No active profile set, falling back to 1 default profile: "default"
2025-01-31 16:01:16 [main] INFO  : Bootstrapping Spring Data JPA repositories in DEFAULT mode.
2025-01-31 16:01:16 [main] INFO  : Finished Spring Data repository scanning in 54 ms. Found 1 JPA repository interface.
2025-01-31 16:01:17 [main] INFO  : Tomcat initialized with port 8080 (http)
2025-01-31 16:01:17 [main] INFO  : Initializing ProtocolHandler ["http-nio-8080"]
2025-01-31 16:01:17 [main] INFO  : Starting service [Tomcat]
2025-01-31 16:01:17 [main] INFO  : Starting Servlet engine: [Apache Tomcat/10.1.19]
2025-01-31 16:01:17 [main] INFO  : Initializing Spring embedded WebApplicationContext
2025-01-31 16:01:17 [main] INFO  : Root WebApplicationContext: initialization completed in 2051 ms
2025-01-31 16:01:17 [main] INFO  : HHH000204: Processing PersistenceUnitInfo [name: default]
2025-01-31 16:01:18 [main] INFO  : HHH000412: Hibernate ORM core version 6.4.4.Final
2025-01-31 16:01:18 [main] INFO  : HHH000026: Second-level cache disabled
2025-01-31 16:01:18 [main] INFO  : No LoadTimeWeaver setup: ignoring JPA class transformer
2025-01-31 16:01:18 [main] INFO  : HikariPool-1 - Starting...
2025-01-31 16:01:18 [main] INFO  : HikariPool-1 - Added connection com.mysql.cj.jdbc.ConnectionImpl@58b03029
2025-01-31 16:01:18 [main] INFO  : HikariPool-1 - Start completed.
2025-01-31 16:01:19 [main] INFO  : HHH000489: No JTA platform available (set 'hibernate.transaction.jta.platform' to enable JTA platform integration)
2025-01-31 16:01:19 [main] INFO  : Initialized JPA EntityManagerFactory for persistence unit 'default'
2025-01-31 16:01:20 [main] WARN  : spring.jpa.open-in-view is enabled by default. Therefore, database queries may be performed during view rendering. Explicitly configure spring.jpa.open-in-view to disable this warning
2025-01-31 16:01:21 [main] INFO  : Exposing 14 endpoint(s) beneath base path '/actuator'
2025-01-31 16:01:21 [main] INFO  : Starting ProtocolHandler ["http-nio-8080"]
2025-01-31 16:01:21 [main] INFO  : Tomcat started on port 8080 (http) with context path ''
2025-01-31 16:01:21 [main] INFO  : Started VLMSStockApiApplication in 6.579 seconds (process running for 6.966)
2025-01-31 16:03:41 [SpringApplicationShutdownHook] INFO  : Closing JPA EntityManagerFactory for persistence unit 'default'
2025-01-31 16:03:41 [SpringApplicationShutdownHook] INFO  : HikariPool-1 - Shutdown initiated...
2025-01-31 16:03:41 [SpringApplicationShutdownHook] INFO  : HikariPool-1 - Shutdown completed.
2025-01-31 16:03:56 [background-preinit] INFO  : HV000001: Hibernate Validator 8.0.1.Final
2025-01-31 16:03:56 [main] INFO  : Starting VLMSStockApiApplication using Java 17.0.10 with PID 51868 (C:\D_Drive\Learning\SpringBoot\VLMS_Stock_API\target\classes started by pavan in C:\D_Drive\Learning\SpringBoot\VLMS_Stock_API)
2025-01-31 16:03:56 [main] DEBUG : Running with Spring Boot v3.2.3, Spring v6.1.4
2025-01-31 16:03:56 [main] INFO  : No active profile set, falling back to 1 default profile: "default"
2025-01-31 16:03:57 [main] INFO  : Bootstrapping Spring Data JPA repositories in DEFAULT mode.
2025-01-31 16:03:57 [main] INFO  : Finished Spring Data repository scanning in 58 ms. Found 1 JPA repository interface.
2025-01-31 16:03:58 [main] INFO  : Tomcat initialized with port 8080 (http)
2025-01-31 16:03:58 [main] INFO  : Initializing ProtocolHandler ["http-nio-8080"]
2025-01-31 16:03:58 [main] INFO  : Starting service [Tomcat]
2025-01-31 16:03:58 [main] INFO  : Starting Servlet engine: [Apache Tomcat/10.1.19]
2025-01-31 16:03:58 [main] INFO  : Initializing Spring embedded WebApplicationContext
2025-01-31 16:03:58 [main] INFO  : Root WebApplicationContext: initialization completed in 2173 ms
2025-01-31 16:03:59 [main] INFO  : HHH000204: Processing PersistenceUnitInfo [name: default]
2025-01-31 16:03:59 [main] INFO  : HHH000412: Hibernate ORM core version 6.4.4.Final
2025-01-31 16:03:59 [main] INFO  : HHH000026: Second-level cache disabled
2025-01-31 16:03:59 [main] INFO  : No LoadTimeWeaver setup: ignoring JPA class transformer
2025-01-31 16:03:59 [main] INFO  : HikariPool-1 - Starting...
2025-01-31 16:03:59 [main] INFO  : HikariPool-1 - Added connection com.mysql.cj.jdbc.ConnectionImpl@70700b8a
2025-01-31 16:03:59 [main] INFO  : HikariPool-1 - Start completed.
2025-01-31 16:04:00 [main] INFO  : HHH000489: No JTA platform available (set 'hibernate.transaction.jta.platform' to enable JTA platform integration)
2025-01-31 16:04:00 [main] INFO  : Initialized JPA EntityManagerFactory for persistence unit 'default'
2025-01-31 16:04:01 [main] WARN  : spring.jpa.open-in-view is enabled by default. Therefore, database queries may be performed during view rendering. Explicitly configure spring.jpa.open-in-view to disable this warning
2025-01-31 16:04:02 [main] INFO  : Exposing 14 endpoint(s) beneath base path '/actuator'
2025-01-31 16:04:02 [main] INFO  : Starting ProtocolHandler ["http-nio-8080"]
2025-01-31 16:04:02 [main] INFO  : Tomcat started on port 8080 (http) with context path ''
2025-01-31 16:04:02 [main] INFO  : Started VLMSStockApiApplication in 6.486 seconds (process running for 6.935)
2025-01-31 16:04:16 [http-nio-8080-exec-3] INFO  : Initializing Spring DispatcherServlet 'dispatcherServlet'
2025-01-31 16:04:16 [http-nio-8080-exec-3] INFO  : Initializing Servlet 'dispatcherServlet'
2025-01-31 16:04:16 [http-nio-8080-exec-3] INFO  : Completed initialization in 0 ms
2025-01-31 16:06:31 [SpringApplicationShutdownHook] INFO  : Closing JPA EntityManagerFactory for persistence unit 'default'
2025-01-31 16:06:31 [SpringApplicationShutdownHook] INFO  : HikariPool-1 - Shutdown initiated...
2025-01-31 16:06:31 [SpringApplicationShutdownHook] INFO  : HikariPool-1 - Shutdown completed.
2025-01-31 16:06:44 [background-preinit] INFO  : HV000001: Hibernate Validator 8.0.1.Final
2025-01-31 16:06:44 [main] INFO  : Starting VLMSStockApiApplication using Java 17.0.10 with PID 34248 (C:\D_Drive\Learning\SpringBoot\VLMS_Stock_API\target\classes started by pavan in C:\D_Drive\Learning\SpringBoot\VLMS_Stock_API)
2025-01-31 16:06:44 [main] DEBUG : Running with Spring Boot v3.2.3, Spring v6.1.4
2025-01-31 16:06:44 [main] INFO  : No active profile set, falling back to 1 default profile: "default"
2025-01-31 16:06:45 [main] INFO  : Bootstrapping Spring Data JPA repositories in DEFAULT mode.
2025-01-31 16:06:45 [main] INFO  : Finished Spring Data repository scanning in 52 ms. Found 1 JPA repository interface.
2025-01-31 16:06:45 [main] INFO  : Tomcat initialized with port 8080 (http)
2025-01-31 16:06:45 [main] INFO  : Initializing ProtocolHandler ["http-nio-8080"]
2025-01-31 16:06:45 [main] INFO  : Starting service [Tomcat]
2025-01-31 16:06:45 [main] INFO  : Starting Servlet engine: [Apache Tomcat/10.1.19]
2025-01-31 16:06:46 [main] INFO  : Initializing Spring embedded WebApplicationContext
2025-01-31 16:06:46 [main] INFO  : Root WebApplicationContext: initialization completed in 1844 ms
2025-01-31 16:06:46 [main] INFO  : HHH000204: Processing PersistenceUnitInfo [name: default]
2025-01-31 16:06:46 [main] INFO  : HHH000412: Hibernate ORM core version 6.4.4.Final
2025-01-31 16:06:46 [main] INFO  : HHH000026: Second-level cache disabled
2025-01-31 16:06:46 [main] INFO  : No LoadTimeWeaver setup: ignoring JPA class transformer
2025-01-31 16:06:46 [main] INFO  : HikariPool-1 - Starting...
2025-01-31 16:06:47 [main] INFO  : HikariPool-1 - Added connection com.mysql.cj.jdbc.ConnectionImpl@5d2e65bd
2025-01-31 16:06:47 [main] INFO  : HikariPool-1 - Start completed.
2025-01-31 16:06:47 [main] INFO  : HHH000489: No JTA platform available (set 'hibernate.transaction.jta.platform' to enable JTA platform integration)
2025-01-31 16:06:47 [main] INFO  : Initialized JPA EntityManagerFactory for persistence unit 'default'
2025-01-31 16:06:48 [main] WARN  : spring.jpa.open-in-view is enabled by default. Therefore, database queries may be performed during view rendering. Explicitly configure spring.jpa.open-in-view to disable this warning
2025-01-31 16:06:49 [main] INFO  : Exposing 14 endpoint(s) beneath base path '/actuator'
2025-01-31 16:06:49 [main] INFO  : Starting ProtocolHandler ["http-nio-8080"]
2025-01-31 16:06:49 [main] INFO  : Tomcat started on port 8080 (http) with context path ''
2025-01-31 16:06:49 [main] INFO  : Started VLMSStockApiApplication in 5.898 seconds (process running for 6.27)
2025-01-31 16:06:57 [http-nio-8080-exec-2] INFO  : Initializing Spring DispatcherServlet 'dispatcherServlet'
2025-01-31 16:06:57 [http-nio-8080-exec-2] INFO  : Initializing Servlet 'dispatcherServlet'
2025-01-31 16:06:57 [http-nio-8080-exec-2] INFO  : Completed initialization in 1 ms
2025-01-31 16:12:16 [SpringApplicationShutdownHook] INFO  : Closing JPA EntityManagerFactory for persistence unit 'default'
2025-01-31 16:12:16 [SpringApplicationShutdownHook] INFO  : HikariPool-1 - Shutdown initiated...
2025-01-31 16:12:16 [SpringApplicationShutdownHook] INFO  : HikariPool-1 - Shutdown completed.
2025-01-31 16:12:31 [background-preinit] INFO  : HV000001: Hibernate Validator 8.0.1.Final
2025-01-31 16:12:31 [main] INFO  : Starting VLMSStockApiApplication using Java 17.0.10 with PID 49904 (C:\D_Drive\Learning\SpringBoot\VLMS_Stock_API\target\classes started by pavan in C:\D_Drive\Learning\SpringBoot\VLMS_Stock_API)
2025-01-31 16:12:31 [main] DEBUG : Running with Spring Boot v3.2.3, Spring v6.1.4
2025-01-31 16:12:31 [main] INFO  : No active profile set, falling back to 1 default profile: "default"
2025-01-31 16:12:32 [main] INFO  : Bootstrapping Spring Data JPA repositories in DEFAULT mode.
2025-01-31 16:12:32 [main] INFO  : Finished Spring Data repository scanning in 52 ms. Found 1 JPA repository interface.
2025-01-31 16:12:32 [main] INFO  : Tomcat initialized with port 8080 (http)
2025-01-31 16:12:32 [main] INFO  : Initializing ProtocolHandler ["http-nio-8080"]
2025-01-31 16:12:32 [main] INFO  : Starting service [Tomcat]
2025-01-31 16:12:32 [main] INFO  : Starting Servlet engine: [Apache Tomcat/10.1.19]
2025-01-31 16:12:33 [main] INFO  : Initializing Spring embedded WebApplicationContext
2025-01-31 16:12:33 [main] INFO  : Root WebApplicationContext: initialization completed in 1925 ms
2025-01-31 16:12:33 [main] INFO  : HHH000204: Processing PersistenceUnitInfo [name: default]
2025-01-31 16:12:33 [main] INFO  : HHH000412: Hibernate ORM core version 6.4.4.Final
2025-01-31 16:12:33 [main] INFO  : HHH000026: Second-level cache disabled
2025-01-31 16:12:33 [main] INFO  : No LoadTimeWeaver setup: ignoring JPA class transformer
2025-01-31 16:12:33 [main] INFO  : HikariPool-1 - Starting...
2025-01-31 16:12:34 [main] INFO  : HikariPool-1 - Added connection com.mysql.cj.jdbc.ConnectionImpl@44e79e9e
2025-01-31 16:12:34 [main] INFO  : HikariPool-1 - Start completed.
2025-01-31 16:12:34 [main] INFO  : HHH000489: No JTA platform available (set 'hibernate.transaction.jta.platform' to enable JTA platform integration)
2025-01-31 16:12:34 [main] INFO  : Initialized JPA EntityManagerFactory for persistence unit 'default'
2025-01-31 16:12:35 [main] WARN  : spring.jpa.open-in-view is enabled by default. Therefore, database queries may be performed during view rendering. Explicitly configure spring.jpa.open-in-view to disable this warning
2025-01-31 16:12:36 [main] INFO  : Exposing 14 endpoint(s) beneath base path '/actuator'
2025-01-31 16:12:36 [main] INFO  : Starting ProtocolHandler ["http-nio-8080"]
2025-01-31 16:12:36 [main] INFO  : Tomcat started on port 8080 (http) with context path ''
2025-01-31 16:12:36 [main] INFO  : Started VLMSStockApiApplication in 6.081 seconds (process running for 6.441)
2025-01-31 16:12:39 [http-nio-8080-exec-2] INFO  : Initializing Spring DispatcherServlet 'dispatcherServlet'
2025-01-31 16:12:39 [http-nio-8080-exec-2] INFO  : Initializing Servlet 'dispatcherServlet'
2025-01-31 16:12:39 [http-nio-8080-exec-2] INFO  : Completed initialization in 1 ms
2025-01-31 16:14:00 [SpringApplicationShutdownHook] INFO  : Closing JPA EntityManagerFactory for persistence unit 'default'
2025-01-31 16:14:00 [SpringApplicationShutdownHook] INFO  : HikariPool-1 - Shutdown initiated...
2025-01-31 16:14:00 [SpringApplicationShutdownHook] INFO  : HikariPool-1 - Shutdown completed.
2025-01-31 16:14:29 [background-preinit] INFO  : HV000001: Hibernate Validator 8.0.1.Final
2025-01-31 16:14:29 [main] INFO  : Starting VLMSStockApiApplication using Java 17.0.10 with PID 46448 (C:\D_Drive\Learning\SpringBoot\VLMS_Stock_API\target\classes started by pavan in C:\D_Drive\Learning\SpringBoot\VLMS_Stock_API)
2025-01-31 16:14:29 [main] DEBUG : Running with Spring Boot v3.2.3, Spring v6.1.4
2025-01-31 16:14:29 [main] INFO  : No active profile set, falling back to 1 default profile: "default"
2025-01-31 16:14:30 [main] INFO  : Bootstrapping Spring Data JPA repositories in DEFAULT mode.
2025-01-31 16:14:30 [main] INFO  : Finished Spring Data repository scanning in 54 ms. Found 1 JPA repository interface.
2025-01-31 16:14:31 [main] INFO  : Tomcat initialized with port 8080 (http)
2025-01-31 16:14:31 [main] INFO  : Initializing ProtocolHandler ["http-nio-8080"]
2025-01-31 16:14:31 [main] INFO  : Starting service [Tomcat]
2025-01-31 16:14:31 [main] INFO  : Starting Servlet engine: [Apache Tomcat/10.1.19]
2025-01-31 16:14:31 [main] INFO  : Initializing Spring embedded WebApplicationContext
2025-01-31 16:14:31 [main] INFO  : Root WebApplicationContext: initialization completed in 1931 ms
2025-01-31 16:14:31 [main] INFO  : HHH000204: Processing PersistenceUnitInfo [name: default]
2025-01-31 16:14:31 [main] INFO  : HHH000412: Hibernate ORM core version 6.4.4.Final
2025-01-31 16:14:31 [main] INFO  : HHH000026: Second-level cache disabled
2025-01-31 16:14:31 [main] INFO  : No LoadTimeWeaver setup: ignoring JPA class transformer
2025-01-31 16:14:31 [main] INFO  : HikariPool-1 - Starting...
2025-01-31 16:14:32 [main] INFO  : HikariPool-1 - Added connection com.mysql.cj.jdbc.ConnectionImpl@5fafa76d
2025-01-31 16:14:32 [main] INFO  : HikariPool-1 - Start completed.
2025-01-31 16:14:32 [main] INFO  : HHH000489: No JTA platform available (set 'hibernate.transaction.jta.platform' to enable JTA platform integration)
2025-01-31 16:14:33 [main] INFO  : Initialized JPA EntityManagerFactory for persistence unit 'default'
2025-01-31 16:14:33 [main] WARN  : spring.jpa.open-in-view is enabled by default. Therefore, database queries may be performed during view rendering. Explicitly configure spring.jpa.open-in-view to disable this warning
2025-01-31 16:14:34 [main] INFO  : Exposing 14 endpoint(s) beneath base path '/actuator'
2025-01-31 16:14:34 [main] INFO  : Starting ProtocolHandler ["http-nio-8080"]
2025-01-31 16:14:34 [main] INFO  : Tomcat started on port 8080 (http) with context path ''
2025-01-31 16:14:34 [main] INFO  : Started VLMSStockApiApplication in 5.987 seconds (process running for 6.359)
2025-01-31 16:14:47 [http-nio-8080-exec-3] INFO  : Initializing Spring DispatcherServlet 'dispatcherServlet'
2025-01-31 16:14:47 [http-nio-8080-exec-3] INFO  : Initializing Servlet 'dispatcherServlet'
2025-01-31 16:14:47 [http-nio-8080-exec-3] INFO  : Completed initialization in 2 ms
2025-01-31 16:16:14 [SpringApplicationShutdownHook] INFO  : Closing JPA EntityManagerFactory for persistence unit 'default'
2025-01-31 16:16:14 [SpringApplicationShutdownHook] INFO  : HikariPool-1 - Shutdown initiated...
2025-01-31 16:16:14 [SpringApplicationShutdownHook] INFO  : HikariPool-1 - Shutdown completed.
2025-01-31 16:16:28 [background-preinit] INFO  : HV000001: Hibernate Validator 8.0.1.Final
2025-01-31 16:16:28 [main] INFO  : Starting VLMSStockApiApplication using Java 17.0.10 with PID 31656 (C:\D_Drive\Learning\SpringBoot\VLMS_Stock_API\target\classes started by pavan in C:\D_Drive\Learning\SpringBoot\VLMS_Stock_API)
2025-01-31 16:16:28 [main] DEBUG : Running with Spring Boot v3.2.3, Spring v6.1.4
2025-01-31 16:16:28 [main] INFO  : No active profile set, falling back to 1 default profile: "default"
2025-01-31 16:16:29 [main] INFO  : Bootstrapping Spring Data JPA repositories in DEFAULT mode.
2025-01-31 16:16:29 [main] INFO  : Finished Spring Data repository scanning in 51 ms. Found 1 JPA repository interface.
2025-01-31 16:16:30 [main] INFO  : Tomcat initialized with port 8080 (http)
2025-01-31 16:16:30 [main] INFO  : Initializing ProtocolHandler ["http-nio-8080"]
2025-01-31 16:16:30 [main] INFO  : Starting service [Tomcat]
2025-01-31 16:16:30 [main] INFO  : Starting Servlet engine: [Apache Tomcat/10.1.19]
2025-01-31 16:16:30 [main] INFO  : Initializing Spring embedded WebApplicationContext
2025-01-31 16:16:30 [main] INFO  : Root WebApplicationContext: initialization completed in 1889 ms
2025-01-31 16:16:30 [main] INFO  : HHH000204: Processing PersistenceUnitInfo [name: default]
2025-01-31 16:16:30 [main] INFO  : HHH000412: Hibernate ORM core version 6.4.4.Final
2025-01-31 16:16:30 [main] INFO  : HHH000026: Second-level cache disabled
2025-01-31 16:16:30 [main] INFO  : No LoadTimeWeaver setup: ignoring JPA class transformer
2025-01-31 16:16:30 [main] INFO  : HikariPool-1 - Starting...
2025-01-31 16:16:31 [main] INFO  : HikariPool-1 - Added connection com.mysql.cj.jdbc.ConnectionImpl@74f89bad
2025-01-31 16:16:31 [main] INFO  : HikariPool-1 - Start completed.
2025-01-31 16:16:31 [main] INFO  : HHH000489: No JTA platform available (set 'hibernate.transaction.jta.platform' to enable JTA platform integration)
2025-01-31 16:16:32 [main] INFO  : Initialized JPA EntityManagerFactory for persistence unit 'default'
2025-01-31 16:16:32 [main] WARN  : spring.jpa.open-in-view is enabled by default. Therefore, database queries may be performed during view rendering. Explicitly configure spring.jpa.open-in-view to disable this warning
2025-01-31 16:16:33 [main] INFO  : Exposing 14 endpoint(s) beneath base path '/actuator'
2025-01-31 16:16:33 [main] INFO  : Starting ProtocolHandler ["http-nio-8080"]
2025-01-31 16:16:33 [main] INFO  : Tomcat started on port 8080 (http) with context path ''
2025-01-31 16:16:33 [main] INFO  : Started VLMSStockApiApplication in 6.11 seconds (process running for 6.483)
2025-01-31 16:16:47 [http-nio-8080-exec-2] INFO  : Initializing Spring DispatcherServlet 'dispatcherServlet'
2025-01-31 16:16:47 [http-nio-8080-exec-2] INFO  : Initializing Servlet 'dispatcherServlet'
2025-01-31 16:16:47 [http-nio-8080-exec-2] INFO  : Completed initialization in 0 ms
2025-01-31 16:16:47 [http-nio-8080-exec-2] WARN  : Resolved [org.springframework.web.bind.MissingServletRequestParameterException: Required request parameter 'productName' for method parameter type String is not present]
2025-01-31 16:17:13 [http-nio-8080-exec-4] INFO  : Start searchProductName
2025-01-31 16:20:49 [SpringApplicationShutdownHook] INFO  : Closing JPA EntityManagerFactory for persistence unit 'default'
2025-01-31 16:20:49 [SpringApplicationShutdownHook] INFO  : HikariPool-1 - Shutdown initiated...
2025-01-31 16:20:49 [SpringApplicationShutdownHook] INFO  : HikariPool-1 - Shutdown completed.
2025-01-31 16:21:13 [background-preinit] INFO  : HV000001: Hibernate Validator 8.0.1.Final
2025-01-31 16:21:13 [main] INFO  : Starting VLMSStockApiApplication using Java 17.0.10 with PID 56412 (C:\D_Drive\Learning\SpringBoot\VLMS_Stock_API\target\classes started by pavan in C:\D_Drive\Learning\SpringBoot\VLMS_Stock_API)
2025-01-31 16:21:13 [main] DEBUG : Running with Spring Boot v3.2.3, Spring v6.1.4
2025-01-31 16:21:13 [main] INFO  : No active profile set, falling back to 1 default profile: "default"
2025-01-31 16:21:14 [main] INFO  : Bootstrapping Spring Data JPA repositories in DEFAULT mode.
2025-01-31 16:21:14 [main] INFO  : Finished Spring Data repository scanning in 52 ms. Found 1 JPA repository interface.
2025-01-31 16:21:15 [main] INFO  : Tomcat initialized with port 8080 (http)
2025-01-31 16:21:15 [main] INFO  : Initializing ProtocolHandler ["http-nio-8080"]
2025-01-31 16:21:15 [main] INFO  : Starting service [Tomcat]
2025-01-31 16:21:15 [main] INFO  : Starting Servlet engine: [Apache Tomcat/10.1.19]
2025-01-31 16:21:15 [main] INFO  : Initializing Spring embedded WebApplicationContext
2025-01-31 16:21:15 [main] INFO  : Root WebApplicationContext: initialization completed in 1910 ms
2025-01-31 16:21:15 [main] INFO  : HHH000204: Processing PersistenceUnitInfo [name: default]
2025-01-31 16:21:15 [main] INFO  : HHH000412: Hibernate ORM core version 6.4.4.Final
2025-01-31 16:21:15 [main] INFO  : HHH000026: Second-level cache disabled
2025-01-31 16:21:15 [main] INFO  : No LoadTimeWeaver setup: ignoring JPA class transformer
2025-01-31 16:21:15 [main] INFO  : HikariPool-1 - Starting...
2025-01-31 16:21:16 [main] INFO  : HikariPool-1 - Added connection com.mysql.cj.jdbc.ConnectionImpl@720ffab4
2025-01-31 16:21:16 [main] INFO  : HikariPool-1 - Start completed.
2025-01-31 16:21:17 [main] INFO  : HHH000489: No JTA platform available (set 'hibernate.transaction.jta.platform' to enable JTA platform integration)
2025-01-31 16:21:17 [main] INFO  : Initialized JPA EntityManagerFactory for persistence unit 'default'
2025-01-31 16:21:17 [main] WARN  : spring.jpa.open-in-view is enabled by default. Therefore, database queries may be performed during view rendering. Explicitly configure spring.jpa.open-in-view to disable this warning
2025-01-31 16:21:18 [main] INFO  : Exposing 14 endpoint(s) beneath base path '/actuator'
2025-01-31 16:21:18 [main] INFO  : Starting ProtocolHandler ["http-nio-8080"]
2025-01-31 16:21:18 [main] INFO  : Tomcat started on port 8080 (http) with context path ''
2025-01-31 16:21:18 [main] INFO  : Started VLMSStockApiApplication in 5.978 seconds (process running for 6.349)
2025-01-31 16:21:20 [http-nio-8080-exec-1] INFO  : Initializing Spring DispatcherServlet 'dispatcherServlet'
2025-01-31 16:21:20 [http-nio-8080-exec-1] INFO  : Initializing Servlet 'dispatcherServlet'
2025-01-31 16:21:20 [http-nio-8080-exec-1] INFO  : Completed initialization in 2 ms
2025-01-31 16:21:20 [http-nio-8080-exec-1] INFO  : Start searchProductName
2025-01-31 16:21:39 [http-nio-8080-exec-3] INFO  : Start searchProductName
2025-01-31 16:21:44 [http-nio-8080-exec-4] INFO  : Start searchProductName
2025-01-31 16:21:50 [http-nio-8080-exec-5] INFO  : Start searchProductName
2025-01-31 20:11:54 [http-nio-8080-exec-7] INFO  : Start getAllProducts
2025-01-31 20:11:54 [http-nio-8080-exec-7] DEBUG : Start getAllProducts debug
2025-01-31 20:11:54 [http-nio-8080-exec-7] TRACE : Start getAllProducts trace
2025-01-31 20:12:02 [http-nio-8080-exec-9] INFO  : Start searchProductName
2025-01-31 20:12:03 [http-nio-8080-exec-10] INFO  : Start searchProductName
2025-01-31 20:12:04 [http-nio-8080-exec-2] INFO  : Start searchProductName
2025-01-31 20:12:10 [http-nio-8080-exec-3] INFO  : Start searchProductName
2025-01-31 20:12:20 [http-nio-8080-exec-4] INFO  : Start searchProductName
2025-01-31 20:12:36 [http-nio-8080-exec-6] INFO  : Start searchProductName
2025-01-31 20:17:11 [http-nio-8080-exec-8] INFO  : Start getAllProducts
2025-01-31 20:17:11 [http-nio-8080-exec-8] DEBUG : Start getAllProducts debug
2025-01-31 20:17:11 [http-nio-8080-exec-8] TRACE : Start getAllProducts trace
2025-01-31 20:17:24 [http-nio-8080-exec-10] INFO  : Start searchProductName
2025-01-31 20:17:26 [http-nio-8080-exec-2] INFO  : Start searchProductName
2025-01-31 20:17:44 [http-nio-8080-exec-1] INFO  : Start searchProductName
2025-01-31 20:18:44 [http-nio-8080-exec-4] INFO  : Start searchProductName
2025-01-31 20:19:46 [http-nio-8080-exec-7] INFO  : Start getAllProducts
2025-01-31 20:19:46 [http-nio-8080-exec-7] DEBUG : Start getAllProducts debug
2025-01-31 20:19:46 [http-nio-8080-exec-7] TRACE : Start getAllProducts trace
2025-01-31 20:19:52 [http-nio-8080-exec-9] INFO  : Start searchProductName
2025-01-31 20:20:56 [http-nio-8080-exec-2] INFO  : Start searchProductName
2025-01-31 20:22:20 [http-nio-8080-exec-3] INFO  : Start getAllProducts
2025-01-31 20:22:20 [http-nio-8080-exec-3] DEBUG : Start getAllProducts debug
2025-01-31 20:22:20 [http-nio-8080-exec-3] TRACE : Start getAllProducts trace
2025-01-31 20:22:25 [http-nio-8080-exec-5] INFO  : Start searchProductName
2025-01-31 20:22:40 [http-nio-8080-exec-6] INFO  : Start searchProductName
2025-01-31 20:22:58 [http-nio-8080-exec-7] INFO  : Start getAllProducts
2025-01-31 20:22:58 [http-nio-8080-exec-7] DEBUG : Start getAllProducts debug
2025-01-31 20:22:58 [http-nio-8080-exec-7] TRACE : Start getAllProducts trace
2025-01-31 20:23:01 [http-nio-8080-exec-8] INFO  : Start searchProductName
2025-01-31 20:23:18 [http-nio-8080-exec-10] INFO  : Start searchProductName
2025-01-31 20:26:21 [http-nio-8080-exec-3] INFO  : Start searchProductName
2025-01-31 20:28:10 [http-nio-8080-exec-6] INFO  : Start searchProductName
2025-01-31 20:28:14 [http-nio-8080-exec-7] INFO  : Start searchProductName
2025-01-31 20:28:30 [http-nio-8080-exec-8] INFO  : Start searchProductName
2025-01-31 20:28:49 [http-nio-8080-exec-9] INFO  : Start getAllProducts
2025-01-31 20:28:49 [http-nio-8080-exec-9] DEBUG : Start getAllProducts debug
2025-01-31 20:28:49 [http-nio-8080-exec-9] TRACE : Start getAllProducts trace
2025-01-31 20:28:56 [http-nio-8080-exec-2] INFO  : Start searchProductName
2025-01-31 20:28:57 [http-nio-8080-exec-1] INFO  : Start searchProductName
2025-01-31 20:28:58 [http-nio-8080-exec-3] INFO  : Start searchProductName
2025-01-31 20:29:58 [http-nio-8080-exec-5] INFO  : Start getAllProducts
2025-01-31 20:29:58 [http-nio-8080-exec-5] DEBUG : Start getAllProducts debug
2025-01-31 20:29:58 [http-nio-8080-exec-5] TRACE : Start getAllProducts trace
2025-01-31 20:30:04 [http-nio-8080-exec-8] INFO  : Start searchProductName
2025-01-31 20:30:47 [http-nio-8080-exec-9] INFO  : Start getAllProducts
2025-01-31 20:30:47 [http-nio-8080-exec-9] DEBUG : Start getAllProducts debug
2025-01-31 20:30:47 [http-nio-8080-exec-9] TRACE : Start getAllProducts trace
2025-01-31 20:30:54 [http-nio-8080-exec-2] INFO  : Start searchProductName
2025-01-31 20:30:56 [http-nio-8080-exec-1] INFO  : Start searchProductName
2025-01-31 20:32:50 [http-nio-8080-exec-4] INFO  : Start getAllProducts
2025-01-31 20:32:50 [http-nio-8080-exec-4] DEBUG : Start getAllProducts debug
2025-01-31 20:32:50 [http-nio-8080-exec-4] TRACE : Start getAllProducts trace
2025-01-31 20:32:56 [http-nio-8080-exec-6] INFO  : Start searchProductName
2025-01-31 20:33:34 [http-nio-8080-exec-7] INFO  : Start getAllProducts
2025-01-31 20:33:34 [http-nio-8080-exec-7] DEBUG : Start getAllProducts debug
2025-01-31 20:33:34 [http-nio-8080-exec-7] TRACE : Start getAllProducts trace
2025-01-31 20:33:40 [http-nio-8080-exec-9] INFO  : Start searchProductName
2025-01-31 20:34:55 [http-nio-8080-exec-2] INFO  : Start getAllProducts
2025-01-31 20:34:55 [http-nio-8080-exec-2] DEBUG : Start getAllProducts debug
2025-01-31 20:34:55 [http-nio-8080-exec-2] TRACE : Start getAllProducts trace
2025-01-31 20:35:06 [http-nio-8080-exec-3] INFO  : Start searchProductName
2025-01-31 20:37:06 [SpringApplicationShutdownHook] INFO  : Closing JPA EntityManagerFactory for persistence unit 'default'
2025-01-31 20:37:06 [SpringApplicationShutdownHook] INFO  : HikariPool-1 - Shutdown initiated...
2025-01-31 20:37:06 [SpringApplicationShutdownHook] INFO  : HikariPool-1 - Shutdown completed.
